2021-09-18 21:15:16.145+0000 INFO [o.n.g.f.m.e.CommunityEditionModule] No locking implementation specified, defaulting to 'community'
2021-09-18 21:15:16.275+0000 INFO [o.n.g.f.GraphDatabaseFacadeFactory] Creating 'graph.db' database.
2021-09-18 21:15:16.314+0000 INFO [o.n.k.a.DatabaseAvailabilityGuard] Requirement `Database available` makes database graph.db unavailable.
2021-09-18 21:15:16.315+0000 INFO [o.n.k.a.DatabaseAvailabilityGuard] Database graph.db is unavailable.
2021-09-18 21:15:16.339+0000 INFO [o.n.i.d.DiagnosticsManager] --- INITIALIZED diagnostics START ---
2021-09-18 21:15:16.340+0000 INFO [o.n.i.d.DiagnosticsManager] Neo4j Kernel properties:
2021-09-18 21:15:16.340+0000 INFO [o.n.i.d.DiagnosticsManager] dbms.connector.http.enabled=true
2021-09-18 21:15:16.340+0000 INFO [o.n.i.d.DiagnosticsManager] dbms.security.auth_enabled=true
2021-09-18 21:15:16.340+0000 INFO [o.n.i.d.DiagnosticsManager] dbms.windows_service_name=neo4j
2021-09-18 21:15:16.340+0000 INFO [o.n.i.d.DiagnosticsManager] dbms.connector.http.listen_address=0.0.0.0:7474
2021-09-18 21:15:16.340+0000 INFO [o.n.i.d.DiagnosticsManager] dbms.connector.https.listen_address=0.0.0.0:7473
2021-09-18 21:15:16.340+0000 INFO [o.n.i.d.DiagnosticsManager] unsupported.dbms.directories.neo4j_home=/var/lib/neo4j
2021-09-18 21:15:16.340+0000 INFO [o.n.i.d.DiagnosticsManager] dbms.connector.bolt.listen_address=0.0.0.0:7687
2021-09-18 21:15:16.340+0000 INFO [o.n.i.d.DiagnosticsManager] dbms.directories.import=/import
2021-09-18 21:15:16.341+0000 INFO [o.n.i.d.DiagnosticsManager] dbms.default_listen_address=0.0.0.0
2021-09-18 21:15:16.341+0000 INFO [o.n.i.d.DiagnosticsManager] dbms.memory.pagecache.size=1G
2021-09-18 21:15:16.341+0000 INFO [o.n.i.d.DiagnosticsManager] unsupported.dbms.edition=community
2021-09-18 21:15:16.341+0000 INFO [o.n.i.d.DiagnosticsManager] dbms.directories.logs=/logs
2021-09-18 21:15:16.341+0000 INFO [o.n.i.d.DiagnosticsManager] dbms.connector.bolt.enabled=true
2021-09-18 21:15:16.341+0000 INFO [o.n.i.d.DiagnosticsManager] dbms.connector.https.enabled=true
2021-09-18 21:15:16.341+0000 INFO [o.n.i.d.DiagnosticsManager] dbms.jvm.additional=-XX:+UseG1GC
2021-09-18 21:15:16.341+0000 INFO [o.n.i.d.DiagnosticsManager] wrapper.java.additional=-Dneo4j.ext.udc.source=docker
2021-09-18 21:15:16.341+0000 INFO [o.n.i.d.DiagnosticsManager] dbms.directories.plugins=/plugins
2021-09-18 21:15:16.341+0000 INFO [o.n.i.d.DiagnosticsManager] dbms.tx_log.rotation.retention_policy=1 days
2021-09-18 21:15:16.341+0000 INFO [o.n.i.d.DiagnosticsManager] dbms.memory.heap.max_size=1G
2021-09-18 21:15:16.341+0000 INFO [o.n.i.d.DiagnosticsManager] Diagnostics providers:
2021-09-18 21:15:16.341+0000 INFO [o.n.i.d.DiagnosticsManager] org.neo4j.kernel.configuration.Config
2021-09-18 21:15:16.341+0000 INFO [o.n.i.d.DiagnosticsManager] org.neo4j.internal.diagnostics.DiagnosticsManager
2021-09-18 21:15:16.342+0000 INFO [o.n.i.d.DiagnosticsManager] SYSTEM_MEMORY
2021-09-18 21:15:16.342+0000 INFO [o.n.i.d.DiagnosticsManager] JAVA_MEMORY
2021-09-18 21:15:16.342+0000 INFO [o.n.i.d.DiagnosticsManager] OPERATING_SYSTEM
2021-09-18 21:15:16.342+0000 INFO [o.n.i.d.DiagnosticsManager] JAVA_VIRTUAL_MACHINE
2021-09-18 21:15:16.342+0000 INFO [o.n.i.d.DiagnosticsManager] CLASSPATH
2021-09-18 21:15:16.342+0000 INFO [o.n.i.d.DiagnosticsManager] LIBRARY_PATH
2021-09-18 21:15:16.342+0000 INFO [o.n.i.d.DiagnosticsManager] SYSTEM_PROPERTIES
2021-09-18 21:15:16.342+0000 INFO [o.n.i.d.DiagnosticsManager] TIMEZONE_DATABASE
2021-09-18 21:15:16.342+0000 INFO [o.n.i.d.DiagnosticsManager] LINUX_SCHEDULERS
2021-09-18 21:15:16.342+0000 INFO [o.n.i.d.DiagnosticsManager] NETWORK
2021-09-18 21:15:16.342+0000 INFO [o.n.i.d.DiagnosticsManager] System memory information:
2021-09-18 21:15:16.353+0000 INFO [o.n.i.d.DiagnosticsManager] Total Physical memory: 3.85 GB
2021-09-18 21:15:16.353+0000 INFO [o.n.i.d.DiagnosticsManager] Free Physical memory: 1.58 GB
2021-09-18 21:15:16.353+0000 INFO [o.n.i.d.DiagnosticsManager] Committed virtual memory: 3.85 GB
2021-09-18 21:15:16.354+0000 INFO [o.n.i.d.DiagnosticsManager] Total swap space: 1024.00 MB
2021-09-18 21:15:16.354+0000 INFO [o.n.i.d.DiagnosticsManager] Free swap space: 1024.00 MB
2021-09-18 21:15:16.354+0000 INFO [o.n.i.d.DiagnosticsManager] JVM memory information:
2021-09-18 21:15:16.355+0000 INFO [o.n.i.d.DiagnosticsManager] Free  memory: 39.01 MB
2021-09-18 21:15:16.355+0000 INFO [o.n.i.d.DiagnosticsManager] Total memory: 67.00 MB
2021-09-18 21:15:16.355+0000 INFO [o.n.i.d.DiagnosticsManager] Max   memory: 1.00 GB
2021-09-18 21:15:16.357+0000 INFO [o.n.i.d.DiagnosticsManager] Garbage Collector: G1 Young Generation: [G1 Eden Space, G1 Survivor Space, G1 Old Gen]
2021-09-18 21:15:16.358+0000 INFO [o.n.i.d.DiagnosticsManager] Garbage Collector: G1 Old Generation: [G1 Eden Space, G1 Survivor Space, G1 Old Gen]
2021-09-18 21:15:16.358+0000 INFO [o.n.i.d.DiagnosticsManager] Memory Pool: Code Cache (Non-heap memory): committed=6.50 MB, used=6.47 MB, max=240.00 MB, threshold=0.00 B
2021-09-18 21:15:16.358+0000 INFO [o.n.i.d.DiagnosticsManager] Memory Pool: Metaspace (Non-heap memory): committed=21.67 MB, used=20.55 MB, max=-1.00 B, threshold=0.00 B
2021-09-18 21:15:16.358+0000 INFO [o.n.i.d.DiagnosticsManager] Memory Pool: Compressed Class Space (Non-heap memory): committed=2.75 MB, used=2.45 MB, max=1.00 GB, threshold=0.00 B
2021-09-18 21:15:16.359+0000 INFO [o.n.i.d.DiagnosticsManager] Memory Pool: G1 Eden Space (Heap memory): committed=26.00 MB, used=4.00 MB, max=-1.00 B, threshold=?
2021-09-18 21:15:16.359+0000 INFO [o.n.i.d.DiagnosticsManager] Memory Pool: G1 Survivor Space (Heap memory): committed=5.00 MB, used=5.00 MB, max=-1.00 B, threshold=?
2021-09-18 21:15:16.359+0000 INFO [o.n.i.d.DiagnosticsManager] Memory Pool: G1 Old Gen (Heap memory): committed=36.00 MB, used=17.00 MB, max=1.00 GB, threshold=0.00 B
2021-09-18 21:15:16.359+0000 INFO [o.n.i.d.DiagnosticsManager] Operating system information:
2021-09-18 21:15:16.359+0000 INFO [o.n.i.d.DiagnosticsManager] Operating System: Linux; version: 4.9.125-linuxkit; arch: amd64; cpus: 4
2021-09-18 21:15:16.359+0000 INFO [o.n.i.d.DiagnosticsManager] Max number of file descriptors: 1048576
2021-09-18 21:15:16.360+0000 INFO [o.n.i.d.DiagnosticsManager] Number of open file descriptors: 139
2021-09-18 21:15:16.361+0000 INFO [o.n.i.d.DiagnosticsManager] Process id: 6@78b983648db1
2021-09-18 21:15:16.361+0000 INFO [o.n.i.d.DiagnosticsManager] Byte order: LITTLE_ENDIAN
2021-09-18 21:15:16.363+0000 INFO [o.n.i.d.DiagnosticsManager] Local timezone: Etc/UTC
2021-09-18 21:15:16.363+0000 INFO [o.n.i.d.DiagnosticsManager] JVM information:
2021-09-18 21:15:16.363+0000 INFO [o.n.i.d.DiagnosticsManager] VM Name: OpenJDK 64-Bit Server VM
2021-09-18 21:15:16.363+0000 INFO [o.n.i.d.DiagnosticsManager] VM Vendor: Oracle Corporation
2021-09-18 21:15:16.363+0000 INFO [o.n.i.d.DiagnosticsManager] VM Version: 25.302-b08
2021-09-18 21:15:16.363+0000 INFO [o.n.i.d.DiagnosticsManager] JIT compiler: HotSpot 64-Bit Tiered Compilers
2021-09-18 21:15:16.364+0000 INFO [o.n.i.d.DiagnosticsManager] VM Arguments: [-Xmx1G, -XX:+UseG1GC, -XX:-OmitStackTraceInFastThrow, -XX:+AlwaysPreTouch, -XX:+UnlockExperimentalVMOptions, -XX:+TrustFinalNonStaticFields, -XX:+DisableExplicitGC, -Djdk.tls.ephemeralDHKeySize=2048, -Djdk.tls.rejectClientInitiatedRenegotiation=true, -Dunsupported.dbms.udc.source=docker, -Dfile.encoding=UTF-8]
2021-09-18 21:15:16.364+0000 INFO [o.n.i.d.DiagnosticsManager] Java classpath:
2021-09-18 21:15:16.365+0000 INFO [o.n.i.d.DiagnosticsManager]  [classpath + loader.0] file:/var/lib/neo4j/lib/zstd-proxy-3.5.29.jar
2021-09-18 21:15:16.365+0000 INFO [o.n.i.d.DiagnosticsManager]  [classpath + loader.0] file:/var/lib/neo4j/lib/server-api-3.5.29.jar
2021-09-18 21:15:16.365+0000 INFO [o.n.i.d.DiagnosticsManager]  [classpath + loader.0] file:/var/lib/neo4j/lib/neo4j-cypher-expression-3.4-3.4.18.jar
2021-09-18 21:15:16.365+0000 INFO [o.n.i.d.DiagnosticsManager]  [classpath + loader.0] file:/var/lib/neo4j/lib/neo4j-graphdb-api-3.5.29.jar
2021-09-18 21:15:16.365+0000 INFO [o.n.i.d.DiagnosticsManager]  [classpath + loader.0] file:/var/lib/neo4j/lib/neo4j-lucene-upgrade-3.5.29.jar
2021-09-18 21:15:16.365+0000 INFO [o.n.i.d.DiagnosticsManager]  [classpath + loader.0] file:/var/lib/neo4j/lib/neo4j-cypher-logical-plans-3.4-3.4.18.jar
2021-09-18 21:15:16.365+0000 INFO [o.n.i.d.DiagnosticsManager]  [classpath + loader.0] file:/var/lib/neo4j/lib/openCypher-frontend-1-3.4.18.jar
2021-09-18 21:15:16.365+0000 INFO [o.n.i.d.DiagnosticsManager]  [classpath + loader.0] file:/var/lib/neo4j/lib/neo4j-csv-3.5.29.jar
2021-09-18 21:15:16.365+0000 INFO [o.n.i.d.DiagnosticsManager]  [classpath + loader.0] file:/var/lib/neo4j/lib/neo4j-diagnostics-3.5.29.jar
2021-09-18 21:15:16.365+0000 INFO [o.n.i.d.DiagnosticsManager]  [classpath + loader.0] file:/var/lib/neo4j/lib/jetty-server-9.4.42.v20210604.jar
2021-09-18 21:15:16.365+0000 INFO [o.n.i.d.DiagnosticsManager]  [loader.1] file:/usr/local/openjdk-8/lib/ext/zipfs.jar
2021-09-18 21:15:16.365+0000 INFO [o.n.i.d.DiagnosticsManager]  [classpath + loader.0] file:/var/lib/neo4j/lib/concurrentlinkedhashmap-lru-1.4.2.jar
2021-09-18 21:15:16.366+0000 INFO [o.n.i.d.DiagnosticsManager]  [classpath + loader.0] file:/var/lib/neo4j/lib/jPowerShell-1.9.jar
2021-09-18 21:15:16.366+0000 INFO [o.n.i.d.DiagnosticsManager]  [classpath + loader.0] file:/var/lib/neo4j/lib/jackson-databind-2.10.5.1.jar
2021-09-18 21:15:16.366+0000 INFO [o.n.i.d.DiagnosticsManager]  [loader.1] file:/usr/local/openjdk-8/lib/ext/sunec.jar
2021-09-18 21:15:16.366+0000 INFO [o.n.i.d.DiagnosticsManager]  [classpath + loader.0] file:/var/lib/neo4j/lib/neo4j-cypher-ir-3.4-3.4.18.jar
2021-09-18 21:15:16.366+0000 INFO [o.n.i.d.DiagnosticsManager]  [classpath + loader.0] file:/plugins/*
2021-09-18 21:15:16.366+0000 INFO [o.n.i.d.DiagnosticsManager]  [classpath + loader.0] file:/var/lib/neo4j/lib/jakarta.activation-api-1.2.1.jar
2021-09-18 21:15:16.366+0000 INFO [o.n.i.d.DiagnosticsManager]  [loader.1] file:/usr/local/openjdk-8/lib/ext/sunjce_provider.jar
2021-09-18 21:15:16.366+0000 INFO [o.n.i.d.DiagnosticsManager]  [classpath + loader.0] file:/var/lib/neo4j/lib/neo4j-udc-3.5.29.jar
2021-09-18 21:15:16.366+0000 INFO [o.n.i.d.DiagnosticsManager]  [classpath + loader.0] file:/var/lib/neo4j/lib/neo4j-3.5.29.jar
2021-09-18 21:15:16.366+0000 INFO [o.n.i.d.DiagnosticsManager]  [classpath + loader.0] file:/var/lib/neo4j/lib/neo4j-command-line-3.5.29.jar
2021-09-18 21:15:16.366+0000 INFO [o.n.i.d.DiagnosticsManager]  [classpath + loader.0] file:/var/lib/neo4j/lib/jersey-server-1.19.3.jar
2021-09-18 21:15:16.366+0000 INFO [o.n.i.d.DiagnosticsManager]  [classpath + loader.0] file:/var/lib/neo4j/lib/neo4j-cypher-runtime-util-3.5.29.jar
2021-09-18 21:15:16.366+0000 INFO [o.n.i.d.DiagnosticsManager]  [classpath + loader.0] file:/var/lib/neo4j/lib/neo4j-cypher-ir-3.5-3.5.29.jar
2021-09-18 21:15:16.366+0000 INFO [o.n.i.d.DiagnosticsManager]  [classpath + loader.0] file:/var/lib/neo4j/lib/neo4j-parser-3.5-3.5.29.jar
2021-09-18 21:15:16.366+0000 INFO [o.n.i.d.DiagnosticsManager]  [classpath + loader.0] file:/var/lib/neo4j/lib/neo4j-dbms-3.5.29.jar
2021-09-18 21:15:16.366+0000 INFO [o.n.i.d.DiagnosticsManager]  [classpath + loader.0] file:/var/lib/neo4j/lib/commons-io-2.6.jar
2021-09-18 21:15:16.366+0000 INFO [o.n.i.d.DiagnosticsManager]  [loader.1] file:/usr/local/openjdk-8/lib/ext/dnsns.jar
2021-09-18 21:15:16.366+0000 INFO [o.n.i.d.DiagnosticsManager]  [classpath + loader.0] file:/var/lib/neo4j/lib/jersey-core-1.19.3.jar
2021-09-18 21:15:16.366+0000 INFO [o.n.i.d.DiagnosticsManager]  [classpath + loader.0] file:/var/lib/neo4j/lib/commons-configuration-1.10.jar
2021-09-18 21:15:16.366+0000 INFO [o.n.i.d.DiagnosticsManager]  [loader.1] file:/usr/local/openjdk-8/lib/ext/cldrdata.jar
2021-09-18 21:15:16.366+0000 INFO [o.n.i.d.DiagnosticsManager]  [bootstrap] /usr/local/openjdk-8/lib/charsets.jar
2021-09-18 21:15:16.366+0000 INFO [o.n.i.d.DiagnosticsManager]  [classpath + loader.0] file:/var/lib/neo4j/lib/neo4j-front-end-3.5-3.5.29.jar
2021-09-18 21:15:16.366+0000 INFO [o.n.i.d.DiagnosticsManager]  [classpath + loader.0] file:/var/lib/neo4j/lib/jetty-security-9.4.42.v20210604.jar
2021-09-18 21:15:16.366+0000 INFO [o.n.i.d.DiagnosticsManager]  [classpath + loader.0] file:/var/lib/neo4j/lib/neo4j-annotation-processors-3.5.29.jar
2021-09-18 21:15:16.366+0000 INFO [o.n.i.d.DiagnosticsManager]  [classpath + loader.0] file:/var/lib/neo4j/lib/jersey-servlet-1.19.3.jar
2021-09-18 21:15:16.366+0000 INFO [o.n.i.d.DiagnosticsManager]  [classpath + loader.0] file:/var/lib/neo4j/lib/neo4j-rewriting-3.5-3.5.29.jar
2021-09-18 21:15:16.366+0000 INFO [o.n.i.d.DiagnosticsManager]  [classpath + loader.0] file:/var/lib/neo4j/lib/jetty-io-9.4.42.v20210604.jar
2021-09-18 21:15:16.367+0000 INFO [o.n.i.d.DiagnosticsManager]  [classpath + loader.0] file:/var/lib/neo4j/lib/neo4j-values-3.5.29.jar
2021-09-18 21:15:16.367+0000 INFO [o.n.i.d.DiagnosticsManager]  [classpath + loader.0] file:/var/lib/neo4j/lib/bcprov-jdk15on-1.68.jar
2021-09-18 21:15:16.367+0000 INFO [o.n.i.d.DiagnosticsManager]  [classpath + loader.0] file:/var/lib/neo4j/lib/netty-all-4.1.48.Final.jar
2021-09-18 21:15:16.367+0000 INFO [o.n.i.d.DiagnosticsManager]  [classpath + loader.0] file:/var/lib/neo4j/lib/txw2-2.3.2.jar
2021-09-18 21:15:16.367+0000 INFO [o.n.i.d.DiagnosticsManager]  [bootstrap] /usr/local/openjdk-8/lib/resources.jar
2021-09-18 21:15:16.367+0000 INFO [o.n.i.d.DiagnosticsManager]  [classpath + loader.0] file:/var/lib/neo4j/lib/scala-library-2.11.12.jar
2021-09-18 21:15:16.367+0000 INFO [o.n.i.d.DiagnosticsManager]  [classpath + loader.0] file:/var/lib/neo4j/lib/jackson-module-jaxb-annotations-2.10.5.jar
2021-09-18 21:15:16.367+0000 INFO [o.n.i.d.DiagnosticsManager]  [classpath + loader.0] file:/var/lib/neo4j/lib/neo4j-bolt-3.5.29.jar
2021-09-18 21:15:16.367+0000 INFO [o.n.i.d.DiagnosticsManager]  [classpath + loader.0] file:/var/lib/neo4j/lib/neo4j-security-3.5.29.jar
2021-09-18 21:15:16.367+0000 INFO [o.n.i.d.DiagnosticsManager]  [classpath + loader.0] file:/var/lib/neo4j/lib/jetty-util-9.4.42.v20210604.jar
2021-09-18 21:15:16.367+0000 INFO [o.n.i.d.DiagnosticsManager]  [bootstrap] /usr/local/openjdk-8/lib/jsse.jar
2021-09-18 21:15:16.367+0000 INFO [o.n.i.d.DiagnosticsManager]  [loader.1] file:/usr/local/openjdk-8/lib/ext/localedata.jar
2021-09-18 21:15:16.367+0000 INFO [o.n.i.d.DiagnosticsManager]  [classpath + loader.0] file:/var/lib/neo4j/lib/jetty-http-9.4.42.v20210604.jar
2021-09-18 21:15:16.367+0000 INFO [o.n.i.d.DiagnosticsManager]  [classpath + loader.0] file:/var/lib/neo4j/lib/neo4j-fulltext-index-3.5.29.jar
2021-09-18 21:15:16.367+0000 INFO [o.n.i.d.DiagnosticsManager]  [classpath + loader.0] file:/var/lib/neo4j/lib/neo4j-concurrent-3.5.29.jar
2021-09-18 21:15:16.367+0000 INFO [o.n.i.d.DiagnosticsManager]  [classpath + loader.0] file:/var/lib/neo4j/lib/neo4j-push-to-cloud-3.5.29.jar
2021-09-18 21:15:16.367+0000 INFO [o.n.i.d.DiagnosticsManager]  [classpath + loader.0] file:/var/lib/neo4j/lib/neo4j-collections-3.5.29.jar
2021-09-18 21:15:16.367+0000 INFO [o.n.i.d.DiagnosticsManager]  [classpath + loader.0] file:/var/lib/neo4j/lib/neo4j-graph-algo-3.5.29.jar
2021-09-18 21:15:16.367+0000 INFO [o.n.i.d.DiagnosticsManager]  [classpath + loader.0] file:/var/lib/neo4j/lib/neo4j-codegen-3.5.29.jar
2021-09-18 21:15:16.367+0000 INFO [o.n.i.d.DiagnosticsManager]  [classpath + loader.0] file:/var/lib/neo4j/lib/javax.servlet-api-3.1.0.jar
2021-09-18 21:15:16.367+0000 INFO [o.n.i.d.DiagnosticsManager]  [bootstrap] /usr/local/openjdk-8/lib/sunrsasign.jar
2021-09-18 21:15:16.367+0000 INFO [o.n.i.d.DiagnosticsManager]  [classpath + loader.0] file:/var/lib/neo4j/lib/neo4j-ssl-3.5.29.jar
2021-09-18 21:15:16.367+0000 INFO [o.n.i.d.DiagnosticsManager]  [classpath + loader.0] file:/var/lib/neo4j/lib/jProcesses-1.6.4.jar
2021-09-18 21:15:16.367+0000 INFO [o.n.i.d.DiagnosticsManager]  [classpath + loader.0] file:/var/lib/neo4j/lib/neo4j-cypher-compiler-2.3-2.3.12.jar
2021-09-18 21:15:16.367+0000 INFO [o.n.i.d.DiagnosticsManager]  [classpath + loader.0] file:/var/lib/neo4j/lib/istack-commons-runtime-3.0.8.jar
2021-09-18 21:15:16.367+0000 INFO [o.n.i.d.DiagnosticsManager]  [classpath + loader.0] file:/var/lib/neo4j/lib/neo4j-server-3.5.29.jar
2021-09-18 21:15:16.368+0000 INFO [o.n.i.d.DiagnosticsManager]  [classpath + loader.0] file:/var/lib/neo4j/lib/bcpkix-jdk15on-1.68.jar
2021-09-18 21:15:16.368+0000 INFO [o.n.i.d.DiagnosticsManager]  [loader.1] file:/usr/local/openjdk-8/lib/ext/sunpkcs11.jar
2021-09-18 21:15:16.368+0000 INFO [o.n.i.d.DiagnosticsManager]  [classpath + loader.0] file:/var/lib/neo4j/lib/scala-reflect-2.11.12.jar
2021-09-18 21:15:16.368+0000 INFO [o.n.i.d.DiagnosticsManager]  [classpath + loader.0] file:/var/lib/neo4j/lib/neo4j-cypher-3.5.29.jar
2021-09-18 21:15:16.368+0000 INFO [o.n.i.d.DiagnosticsManager]  [classpath + loader.0] file:/var/lib/neo4j/lib/neo4j-lucene-index-3.5.29.jar
2021-09-18 21:15:16.368+0000 INFO [o.n.i.d.DiagnosticsManager]  [classpath + loader.0] file:/var/lib/neo4j/lib/neo4j-cypher-interpreted-runtime-3.5.29.jar
2021-09-18 21:15:16.368+0000 INFO [o.n.i.d.DiagnosticsManager]  [classpath + loader.0] file:/var/lib/neo4j/lib/commons-lang-2.6.jar
2021-09-18 21:15:16.368+0000 INFO [o.n.i.d.DiagnosticsManager]  [classpath + loader.0] file:/var/lib/neo4j/lib/lucene-core-5.5.5.jar
2021-09-18 21:15:16.368+0000 INFO [o.n.i.d.DiagnosticsManager]  [classpath + loader.0] file:/var/lib/neo4j/lib/neo4j-cypher-planner-spi-3.5-3.5.29.jar
2021-09-18 21:15:16.368+0000 INFO [o.n.i.d.DiagnosticsManager]  [classpath + loader.0] file:/var/lib/neo4j/lib/jetty-xml-9.4.42.v20210604.jar
2021-09-18 21:15:16.368+0000 INFO [o.n.i.d.DiagnosticsManager]  [classpath + loader.0] file:/var/lib/neo4j/lib/jetty-webapp-9.4.42.v20210604.jar
2021-09-18 21:15:16.368+0000 INFO [o.n.i.d.DiagnosticsManager]  [classpath + loader.0] file:/var/lib/neo4j/lib/lucene-codecs-5.5.5.jar
2021-09-18 21:15:16.368+0000 INFO [o.n.i.d.DiagnosticsManager]  [classpath + loader.0] file:/var/lib/neo4j/lib/neo4j-cypher-logical-plans-3.5-3.5.29.jar
2021-09-18 21:15:16.368+0000 INFO [o.n.i.d.DiagnosticsManager]  [classpath + loader.0] file:/var/lib/neo4j/lib/neo4j-logging-3.5.29.jar
2021-09-18 21:15:16.368+0000 INFO [o.n.i.d.DiagnosticsManager]  [classpath + loader.0] file:/var/lib/neo4j/lib/neo4j-browser-4.3.1.jar
2021-09-18 21:15:16.368+0000 INFO [o.n.i.d.DiagnosticsManager]  [classpath + loader.0] file:/var/lib/neo4j/lib/neo4j-cypher-expression-evaluator-3.5.29.jar
2021-09-18 21:15:16.368+0000 INFO [o.n.i.d.DiagnosticsManager]  [bootstrap] /usr/local/openjdk-8/lib/rt.jar
2021-09-18 21:15:16.368+0000 INFO [o.n.i.d.DiagnosticsManager]  [classpath + loader.0] file:/var/lib/neo4j/lib/activation-1.1.1.jar
2021-09-18 21:15:16.368+0000 INFO [o.n.i.d.DiagnosticsManager]  [classpath + loader.0] file:/var/lib/neo4j/lib/neo4j-legacy-3.5.29.jar
2021-09-18 21:15:16.368+0000 INFO [o.n.i.d.DiagnosticsManager]  [classpath + loader.0] file:/var/lib/neo4j/lib/neo4j-unsafe-3.5.29.jar
2021-09-18 21:15:16.368+0000 INFO [o.n.i.d.DiagnosticsManager]  [classpath + loader.0] file:/var/lib/neo4j/lib/stax-ex-1.8.1.jar
2021-09-18 21:15:16.368+0000 INFO [o.n.i.d.DiagnosticsManager]  [classpath + loader.0] file:/var/lib/neo4j/lib/neo4j-cypher-compiler-3.1-3.1.9.jar
2021-09-18 21:15:16.368+0000 INFO [o.n.i.d.DiagnosticsManager]  [classpath + loader.0] file:/var/lib/neo4j/lib/eclipse-collections-9.2.0.jar
2021-09-18 21:15:16.368+0000 INFO [o.n.i.d.DiagnosticsManager]  [classpath + loader.0] file:/var/lib/neo4j/lib/neo4j-kernel-3.5.29.jar
2021-09-18 21:15:16.368+0000 INFO [o.n.i.d.DiagnosticsManager]  [classpath + loader.0] file:/var/lib/neo4j/lib/commons-compress-1.19.jar
2021-09-18 21:15:16.368+0000 INFO [o.n.i.d.DiagnosticsManager]  [classpath + loader.0] file:/var/lib/neo4j/lib/commons-lang3-3.8.jar
2021-09-18 21:15:16.368+0000 INFO [o.n.i.d.DiagnosticsManager]  [classpath + loader.0] file:/var/lib/neo4j/conf/
2021-09-18 21:15:16.368+0000 INFO [o.n.i.d.DiagnosticsManager]  [classpath + loader.0] file:/var/lib/neo4j/lib/neo4j-spatial-index-3.5.29.jar
2021-09-18 21:15:16.368+0000 INFO [o.n.i.d.DiagnosticsManager]  [classpath + loader.0] file:/var/lib/neo4j/lib/jaxb-runtime-2.3.2.jar
2021-09-18 21:15:16.369+0000 INFO [o.n.i.d.DiagnosticsManager]  [classpath + loader.0] file:/var/lib/neo4j/lib/neo4j-import-tool-3.5.29.jar
2021-09-18 21:15:16.369+0000 INFO [o.n.i.d.DiagnosticsManager]  [classpath + loader.0] file:/var/lib/neo4j/lib/jaxb-api-2.3.0.jar
2021-09-18 21:15:16.369+0000 INFO [o.n.i.d.DiagnosticsManager]  [classpath + loader.0] file:/var/lib/neo4j/lib/neo4j-data-collector-3.5.29.jar
2021-09-18 21:15:16.369+0000 INFO [o.n.i.d.DiagnosticsManager]  [classpath + loader.0] file:/var/lib/neo4j/lib/neo4j-cypher-planner-3.4-3.4.18.jar
2021-09-18 21:15:16.369+0000 INFO [o.n.i.d.DiagnosticsManager]  [classpath + loader.0] file:/var/lib/neo4j/lib/opencsv-2.3.jar
2021-09-18 21:15:16.369+0000 INFO [o.n.i.d.DiagnosticsManager]  [classpath + loader.0] file:/var/lib/neo4j/lib/jackson-jaxrs-base-2.10.5.jar
2021-09-18 21:15:16.369+0000 INFO [o.n.i.d.DiagnosticsManager]  [classpath + loader.0] file:/var/lib/neo4j/lib/neo4j-index-3.5.29.jar
2021-09-18 21:15:16.369+0000 INFO [o.n.i.d.DiagnosticsManager]  [classpath + loader.0] file:/var/lib/neo4j/lib/neo4j-ast-3.5-3.5.29.jar
2021-09-18 21:15:16.369+0000 INFO [o.n.i.d.DiagnosticsManager]  [classpath + loader.0] file:/var/lib/neo4j/lib/parboiled-scala_2.11-1.1.7.jar
2021-09-18 21:15:16.369+0000 INFO [o.n.i.d.DiagnosticsManager]  [classpath + loader.0] file:/var/lib/neo4j/lib/jackson-annotations-2.10.5.jar
2021-09-18 21:15:16.369+0000 INFO [o.n.i.d.DiagnosticsManager]  [classpath + loader.0] file:/var/lib/neo4j/lib/neo4j-cypher-planner-spi-3.4-3.4.18.jar
2021-09-18 21:15:16.369+0000 INFO [o.n.i.d.DiagnosticsManager]  [classpath + loader.0] file:/var/lib/neo4j/lib/neo4j-consistency-check-3.5.29.jar
2021-09-18 21:15:16.369+0000 INFO [o.n.i.d.DiagnosticsManager]  [bootstrap] /usr/local/openjdk-8/classes
2021-09-18 21:15:16.369+0000 INFO [o.n.i.d.DiagnosticsManager]  [classpath + loader.0] file:/var/lib/neo4j/lib/eclipse-collections-api-9.2.0.jar
2021-09-18 21:15:16.369+0000 INFO [o.n.i.d.DiagnosticsManager]  [classpath + loader.0] file:/var/lib/neo4j/lib/FastInfoset-1.2.16.jar
2021-09-18 21:15:16.369+0000 INFO [o.n.i.d.DiagnosticsManager]  [bootstrap] /usr/local/openjdk-8/lib/jfr.jar
2021-09-18 21:15:16.369+0000 INFO [o.n.i.d.DiagnosticsManager]  [classpath + loader.0] file:/var/lib/neo4j/lib/caffeine-2.6.2.jar
2021-09-18 21:15:16.369+0000 INFO [o.n.i.d.DiagnosticsManager]  [classpath + loader.0] file:/var/lib/neo4j/lib/lucene-queryparser-5.5.5.jar
2021-09-18 21:15:16.369+0000 INFO [o.n.i.d.DiagnosticsManager]  [loader.1] file:/usr/local/openjdk-8/lib/ext/nashorn.jar
2021-09-18 21:15:16.369+0000 INFO [o.n.i.d.DiagnosticsManager]  [bootstrap] /usr/local/openjdk-8/lib/jce.jar
2021-09-18 21:15:16.369+0000 INFO [o.n.i.d.DiagnosticsManager]  [classpath + loader.0] file:/var/lib/neo4j/lib/neo4j-cypher-frontend-3.1-3.1.9.jar
2021-09-18 21:15:16.369+0000 INFO [o.n.i.d.DiagnosticsManager]  [classpath + loader.0] file:/var/lib/neo4j/lib/WMI4Java-1.6.1.jar
2021-09-18 21:15:16.369+0000 INFO [o.n.i.d.DiagnosticsManager]  [classpath + loader.0] file:/var/lib/neo4j/lib/neo4j-resource-3.5.29.jar
2021-09-18 21:15:16.369+0000 INFO [o.n.i.d.DiagnosticsManager]  [classpath + loader.0] file:/var/lib/neo4j/lib/neo4j-expressions-3.5-3.5.29.jar
2021-09-18 21:15:16.369+0000 INFO [o.n.i.d.DiagnosticsManager]  [classpath + loader.0] file:/var/lib/neo4j/lib/neo4j-jmx-3.5.29.jar
2021-09-18 21:15:16.369+0000 INFO [o.n.i.d.DiagnosticsManager]  [classpath + loader.0] file:/var/lib/neo4j/lib/neo4j-util-3.5-3.5.29.jar
2021-09-18 21:15:16.370+0000 INFO [o.n.i.d.DiagnosticsManager]  [classpath + loader.0] file:/var/lib/neo4j/lib/neo4j-common-3.5.29.jar
2021-09-18 21:15:16.370+0000 INFO [o.n.i.d.DiagnosticsManager]  [classpath + loader.0] file:/var/lib/neo4j/lib/jsr311-api-1.1.2.r612.jar
2021-09-18 21:15:16.370+0000 INFO [o.n.i.d.DiagnosticsManager]  [classpath + loader.0] file:/var/lib/neo4j/lib/jackson-jaxrs-json-provider-2.10.5.jar
2021-09-18 21:15:16.370+0000 INFO [o.n.i.d.DiagnosticsManager]  [classpath + loader.0] file:/var/lib/neo4j/lib/neo4j-cypher-frontend-2.3-2.3.12.jar
2021-09-18 21:15:16.370+0000 INFO [o.n.i.d.DiagnosticsManager]  [classpath + loader.0] file:/plugins/
2021-09-18 21:15:16.370+0000 INFO [o.n.i.d.DiagnosticsManager]  [classpath + loader.0] file:/var/lib/neo4j/lib/lucene-analyzers-common-5.5.5.jar
2021-09-18 21:15:16.370+0000 INFO [o.n.i.d.DiagnosticsManager]  [classpath + loader.0] file:/var/lib/neo4j/lib/neo4j-configuration-3.5.29.jar
2021-09-18 21:15:16.370+0000 INFO [o.n.i.d.DiagnosticsManager]  [classpath + loader.0] file:/var/lib/neo4j/lib/jetty-servlet-9.4.42.v20210604.jar
2021-09-18 21:15:16.370+0000 INFO [o.n.i.d.DiagnosticsManager]  [classpath + loader.0] file:/var/lib/neo4j/lib/neo4j-procedure-api-3.5.29.jar
2021-09-18 21:15:16.370+0000 INFO [o.n.i.d.DiagnosticsManager]  [classpath + loader.0] file:/var/lib/neo4j/lib/zstd-jni-1.3.8-6.jar
2021-09-18 21:15:16.370+0000 INFO [o.n.i.d.DiagnosticsManager]  [classpath + loader.0] file:/var/lib/neo4j/lib/neo4j-cypher-util-3.4-3.4.18.jar
2021-09-18 21:15:16.370+0000 INFO [o.n.i.d.DiagnosticsManager]  [classpath + loader.0] file:/var/lib/neo4j/lib/neo4j-kernel-api-3.5.29.jar
2021-09-18 21:15:16.370+0000 INFO [o.n.i.d.DiagnosticsManager]  [classpath + loader.0] file:/var/lib/neo4j/lib/jakarta.xml.bind-api-2.3.2.jar
2021-09-18 21:15:16.370+0000 INFO [o.n.i.d.DiagnosticsManager]  [classpath + loader.0] file:/var/lib/neo4j/lib/commons-logging-1.1.1.jar
2021-09-18 21:15:16.370+0000 INFO [o.n.i.d.DiagnosticsManager]  [classpath + loader.0] file:/var/lib/neo4j/lib/commons-text-1.4.jar
2021-09-18 21:15:16.370+0000 INFO [o.n.i.d.DiagnosticsManager]  [classpath + loader.0] file:/var/lib/neo4j/lib/neo4j-cypher-planner-3.5-3.5.29.jar
2021-09-18 21:15:16.370+0000 INFO [o.n.i.d.DiagnosticsManager]  [loader.1] file:/usr/local/openjdk-8/lib/ext/jaccess.jar
2021-09-18 21:15:16.370+0000 INFO [o.n.i.d.DiagnosticsManager]  [classpath + loader.0] file:/var/lib/neo4j/lib/neo4j-graph-matching-3.1.9.jar
2021-09-18 21:15:16.370+0000 INFO [o.n.i.d.DiagnosticsManager]  [classpath + loader.0] file:/var/lib/neo4j/lib/parboiled-core-1.1.7.jar
2021-09-18 21:15:16.370+0000 INFO [o.n.i.d.DiagnosticsManager]  [classpath + loader.0] file:/var/lib/neo4j/lib/jackson-core-2.10.5.jar
2021-09-18 21:15:16.370+0000 INFO [o.n.i.d.DiagnosticsManager]  [classpath + loader.0] file:/var/lib/neo4j/lib/neo4j-io-3.5.29.jar
2021-09-18 21:15:16.370+0000 INFO [o.n.i.d.DiagnosticsManager] Library path:
2021-09-18 21:15:16.371+0000 INFO [o.n.i.d.DiagnosticsManager] /usr/java/packages/lib/amd64
2021-09-18 21:15:16.371+0000 INFO [o.n.i.d.DiagnosticsManager] /usr/lib64
2021-09-18 21:15:16.371+0000 INFO [o.n.i.d.DiagnosticsManager] /lib64
2021-09-18 21:15:16.371+0000 INFO [o.n.i.d.DiagnosticsManager] /lib
2021-09-18 21:15:16.371+0000 INFO [o.n.i.d.DiagnosticsManager] /usr/lib
2021-09-18 21:15:16.371+0000 INFO [o.n.i.d.DiagnosticsManager] System.properties:
2021-09-18 21:15:16.371+0000 INFO [o.n.i.d.DiagnosticsManager] sun.boot.library.path = /usr/local/openjdk-8/lib/amd64
2021-09-18 21:15:16.371+0000 INFO [o.n.i.d.DiagnosticsManager] jdk.tls.rejectClientInitiatedRenegotiation = true
2021-09-18 21:15:16.371+0000 INFO [o.n.i.d.DiagnosticsManager] path.separator = :
2021-09-18 21:15:16.371+0000 INFO [o.n.i.d.DiagnosticsManager] file.encoding.pkg = sun.io
2021-09-18 21:15:16.371+0000 INFO [o.n.i.d.DiagnosticsManager] sun.java.launcher = SUN_STANDARD
2021-09-18 21:15:16.371+0000 INFO [o.n.i.d.DiagnosticsManager] sun.os.patch.level = unknown
2021-09-18 21:15:16.371+0000 INFO [o.n.i.d.DiagnosticsManager] user.dir = /var/lib/neo4j
2021-09-18 21:15:16.371+0000 INFO [o.n.i.d.DiagnosticsManager] sun.jnu.encoding = UTF-8
2021-09-18 21:15:16.371+0000 INFO [o.n.i.d.DiagnosticsManager] unsupported.dbms.udc.source = docker
2021-09-18 21:15:16.371+0000 INFO [o.n.i.d.DiagnosticsManager] sun.management.compiler = HotSpot 64-Bit Tiered Compilers
2021-09-18 21:15:16.371+0000 INFO [o.n.i.d.DiagnosticsManager] user.home = /var/lib/neo4j
2021-09-18 21:15:16.371+0000 INFO [o.n.i.d.DiagnosticsManager] user.timezone = Etc/UTC
2021-09-18 21:15:16.371+0000 INFO [o.n.i.d.DiagnosticsManager] file.encoding = UTF-8
2021-09-18 21:15:16.371+0000 INFO [o.n.i.d.DiagnosticsManager] user.name = neo4j
2021-09-18 21:15:16.371+0000 INFO [o.n.i.d.DiagnosticsManager] sun.java.command = org.neo4j.server.CommunityEntryPoint --home-dir=/var/lib/neo4j --config-dir=/var/lib/neo4j/conf
2021-09-18 21:15:16.371+0000 INFO [o.n.i.d.DiagnosticsManager] sun.arch.data.model = 64
2021-09-18 21:15:16.372+0000 INFO [o.n.i.d.DiagnosticsManager] user.language = en
2021-09-18 21:15:16.372+0000 INFO [o.n.i.d.DiagnosticsManager] awt.toolkit = sun.awt.X11.XToolkit
2021-09-18 21:15:16.372+0000 INFO [o.n.i.d.DiagnosticsManager] jdk.tls.ephemeralDHKeySize = 2048
2021-09-18 21:15:16.372+0000 INFO [o.n.i.d.DiagnosticsManager] file.separator = /
2021-09-18 21:15:16.372+0000 INFO [o.n.i.d.DiagnosticsManager] sun.io.unicode.encoding = UnicodeLittle
2021-09-18 21:15:16.372+0000 INFO [o.n.i.d.DiagnosticsManager] sun.cpu.endian = little
2021-09-18 21:15:16.372+0000 INFO [o.n.i.d.DiagnosticsManager] sun.cpu.isalist = 
2021-09-18 21:15:16.372+0000 INFO [o.n.i.d.DiagnosticsManager] (IANA) TimeZone Database Version:
2021-09-18 21:15:16.395+0000 INFO [o.n.i.d.DiagnosticsManager]   TimeZone version: 2021a (available for 600 zone identifiers)
2021-09-18 21:15:16.395+0000 INFO [o.n.i.d.DiagnosticsManager] Linux scheduler information:
2021-09-18 21:15:16.397+0000 INFO [o.n.i.d.DiagnosticsManager] none
2021-09-18 21:15:16.397+0000 INFO [o.n.i.d.DiagnosticsManager] none
2021-09-18 21:15:16.397+0000 INFO [o.n.i.d.DiagnosticsManager] none
2021-09-18 21:15:16.397+0000 INFO [o.n.i.d.DiagnosticsManager] none
2021-09-18 21:15:16.397+0000 INFO [o.n.i.d.DiagnosticsManager] none
2021-09-18 21:15:16.397+0000 INFO [o.n.i.d.DiagnosticsManager] none
2021-09-18 21:15:16.397+0000 INFO [o.n.i.d.DiagnosticsManager] none
2021-09-18 21:15:16.397+0000 INFO [o.n.i.d.DiagnosticsManager] noop [deadline] cfq 
2021-09-18 21:15:16.398+0000 INFO [o.n.i.d.DiagnosticsManager] none
2021-09-18 21:15:16.398+0000 INFO [o.n.i.d.DiagnosticsManager] none
2021-09-18 21:15:16.398+0000 INFO [o.n.i.d.DiagnosticsManager] none
2021-09-18 21:15:16.398+0000 INFO [o.n.i.d.DiagnosticsManager] noop [deadline] cfq 
2021-09-18 21:15:16.398+0000 INFO [o.n.i.d.DiagnosticsManager] none
2021-09-18 21:15:16.398+0000 INFO [o.n.i.d.DiagnosticsManager] none
2021-09-18 21:15:16.398+0000 INFO [o.n.i.d.DiagnosticsManager] none
2021-09-18 21:15:16.398+0000 INFO [o.n.i.d.DiagnosticsManager] none
2021-09-18 21:15:16.399+0000 INFO [o.n.i.d.DiagnosticsManager] none
2021-09-18 21:15:16.399+0000 INFO [o.n.i.d.DiagnosticsManager] none
2021-09-18 21:15:16.399+0000 INFO [o.n.i.d.DiagnosticsManager] noop [deadline] cfq 
2021-09-18 21:15:16.399+0000 INFO [o.n.i.d.DiagnosticsManager] none
2021-09-18 21:15:16.399+0000 INFO [o.n.i.d.DiagnosticsManager] none
2021-09-18 21:15:16.399+0000 INFO [o.n.i.d.DiagnosticsManager] none
2021-09-18 21:15:16.399+0000 INFO [o.n.i.d.DiagnosticsManager] none
2021-09-18 21:15:16.399+0000 INFO [o.n.i.d.DiagnosticsManager] none
2021-09-18 21:15:16.399+0000 INFO [o.n.i.d.DiagnosticsManager] noop [deadline] cfq 
2021-09-18 21:15:16.400+0000 INFO [o.n.i.d.DiagnosticsManager] none
2021-09-18 21:15:16.400+0000 INFO [o.n.i.d.DiagnosticsManager] none
2021-09-18 21:15:16.400+0000 INFO [o.n.i.d.DiagnosticsManager] none
2021-09-18 21:15:16.400+0000 INFO [o.n.i.d.DiagnosticsManager] Network information:
2021-09-18 21:15:16.401+0000 INFO [o.n.i.d.DiagnosticsManager] Interface eth0:
2021-09-18 21:15:16.401+0000 INFO [o.n.i.d.DiagnosticsManager]     address: 172.21.0.2
2021-09-18 21:15:16.401+0000 INFO [o.n.i.d.DiagnosticsManager] Interface lo:
2021-09-18 21:15:16.401+0000 INFO [o.n.i.d.DiagnosticsManager]     address: 127.0.0.1
2021-09-18 21:15:16.401+0000 INFO [o.n.i.d.DiagnosticsManager] --- INITIALIZED diagnostics END ---
2021-09-18 21:15:16.557+0000 INFO [o.n.k.i.s.f.RecordFormatSelector] Selected format 'RecordFormat:StandardV3_4[v0.A.9]' for the new store
2021-09-18 21:15:17.160+0000 INFO [o.n.k.i.i.l.NativeLabelScanStore] No label index found, this might just be first use. Preparing to rebuild.
2021-09-18 21:15:17.197+0000 INFO [o.n.k.NeoStoreDataSource] Rotated to transaction log [/var/lib/neo4j/data/databases/graph.db/neostore.transaction.db.0] version=0, last transaction in previous log=1
2021-09-18 21:15:17.199+0000 INFO [o.n.k.NeoStoreDataSource] No commits found after last check point (which is at <no log position given>)
2021-09-18 21:15:17.205+0000 WARN [o.n.k.i.s.MetaDataStore] Missing counts store, rebuilding it.
2021-09-18 21:15:17.209+0000 WARN [o.n.k.i.s.MetaDataStore] Counts store rebuild completed.
2021-09-18 21:15:17.229+0000 INFO [o.n.k.i.i.l.NativeLabelScanStore] Rebuilding label index, this may take a while
2021-09-18 21:15:17.248+0000 INFO [o.n.k.i.i.l.NativeLabelScanStore] Label index rebuilt (roughly 0 nodes)
2021-09-18 21:15:17.252+0000 INFO [o.n.i.d.DiagnosticsManager] --- STARTED diagnostics for KernelDiagnostics:Versions START ---
2021-09-18 21:15:17.253+0000 INFO [o.n.i.d.DiagnosticsManager] Graph Database: community single StoreId{creationTime=1631999716898, randomId=1922949304761913753, storeVersion=16094931155187206, upgradeTime=1631999716898, upgradeId=1}
2021-09-18 21:15:17.253+0000 INFO [o.n.i.d.DiagnosticsManager] Kernel version: 3.5.29,916ddf482c3248e475a56eca4163c85033080c10
2021-09-18 21:15:17.253+0000 INFO [o.n.i.d.DiagnosticsManager] --- STARTED diagnostics for KernelDiagnostics:Versions END ---
2021-09-18 21:15:17.254+0000 INFO [o.n.i.d.DiagnosticsManager] --- STARTED diagnostics for NEO_STORE_VERSIONS START ---
2021-09-18 21:15:17.254+0000 INFO [o.n.i.d.DiagnosticsManager] Store versions:
2021-09-18 21:15:17.254+0000 INFO [o.n.i.d.DiagnosticsManager]   ArrayPropertyStore[neostore.nodestore.db.labels] v0.A.9
2021-09-18 21:15:17.254+0000 INFO [o.n.i.d.DiagnosticsManager]   NodeStore[neostore.nodestore.db] v0.A.9
2021-09-18 21:15:17.254+0000 INFO [o.n.i.d.DiagnosticsManager]   StringPropertyStore[neostore.propertystore.db.index.keys] v0.A.9
2021-09-18 21:15:17.254+0000 INFO [o.n.i.d.DiagnosticsManager]   PropertyIndexStore[neostore.propertystore.db.index] v0.A.9
2021-09-18 21:15:17.254+0000 INFO [o.n.i.d.DiagnosticsManager]   StringPropertyStore[neostore.propertystore.db.strings] v0.A.9
2021-09-18 21:15:17.254+0000 INFO [o.n.i.d.DiagnosticsManager]   ArrayPropertyStore[neostore.propertystore.db.arrays] v0.A.9
2021-09-18 21:15:17.255+0000 INFO [o.n.i.d.DiagnosticsManager]   PropertyStore[neostore.propertystore.db] v0.A.9
2021-09-18 21:15:17.255+0000 INFO [o.n.i.d.DiagnosticsManager]   RelationshipStore[neostore.relationshipstore.db] v0.A.9
2021-09-18 21:15:17.255+0000 INFO [o.n.i.d.DiagnosticsManager]   StringPropertyStore[neostore.relationshiptypestore.db.names] v0.A.9
2021-09-18 21:15:17.255+0000 INFO [o.n.i.d.DiagnosticsManager]   RelationshipTypeStore[neostore.relationshiptypestore.db] v0.A.9
2021-09-18 21:15:17.255+0000 INFO [o.n.i.d.DiagnosticsManager]   StringPropertyStore[neostore.labeltokenstore.db.names] v0.A.9
2021-09-18 21:15:17.255+0000 INFO [o.n.i.d.DiagnosticsManager]   LabelTokenStore[neostore.labeltokenstore.db] v0.A.9
2021-09-18 21:15:17.255+0000 INFO [o.n.i.d.DiagnosticsManager]   SchemaStore[neostore.schemastore.db] v0.A.9
2021-09-18 21:15:17.255+0000 INFO [o.n.i.d.DiagnosticsManager]   RelationshipGroupStore[neostore.relationshipgroupstore.db] v0.A.9
2021-09-18 21:15:17.255+0000 INFO [o.n.i.d.DiagnosticsManager]   NeoStore[neostore] v0.A.9
2021-09-18 21:15:17.255+0000 INFO [o.n.i.d.DiagnosticsManager] --- STARTED diagnostics for NEO_STORE_VERSIONS END ---
2021-09-18 21:15:17.255+0000 INFO [o.n.i.d.DiagnosticsManager] --- STARTED diagnostics for NEO_STORE_ID_USAGE START ---
2021-09-18 21:15:17.255+0000 INFO [o.n.i.d.DiagnosticsManager] Id usage:
2021-09-18 21:15:17.255+0000 INFO [o.n.i.d.DiagnosticsManager]   ArrayPropertyStore[neostore.nodestore.db.labels]: used=1 high=0
2021-09-18 21:15:17.255+0000 INFO [o.n.i.d.DiagnosticsManager]   NodeStore[neostore.nodestore.db]: used=0 high=-1
2021-09-18 21:15:17.255+0000 INFO [o.n.i.d.DiagnosticsManager]   StringPropertyStore[neostore.propertystore.db.index.keys]: used=1 high=0
2021-09-18 21:15:17.255+0000 INFO [o.n.i.d.DiagnosticsManager]   PropertyIndexStore[neostore.propertystore.db.index]: used=0 high=-1
2021-09-18 21:15:17.256+0000 INFO [o.n.i.d.DiagnosticsManager]   StringPropertyStore[neostore.propertystore.db.strings]: used=1 high=0
2021-09-18 21:15:17.256+0000 INFO [o.n.i.d.DiagnosticsManager]   ArrayPropertyStore[neostore.propertystore.db.arrays]: used=1 high=0
2021-09-18 21:15:17.256+0000 INFO [o.n.i.d.DiagnosticsManager]   PropertyStore[neostore.propertystore.db]: used=0 high=-1
2021-09-18 21:15:17.256+0000 INFO [o.n.i.d.DiagnosticsManager]   RelationshipStore[neostore.relationshipstore.db]: used=0 high=-1
2021-09-18 21:15:17.256+0000 INFO [o.n.i.d.DiagnosticsManager]   StringPropertyStore[neostore.relationshiptypestore.db.names]: used=1 high=0
2021-09-18 21:15:17.256+0000 INFO [o.n.i.d.DiagnosticsManager]   RelationshipTypeStore[neostore.relationshiptypestore.db]: used=0 high=-1
2021-09-18 21:15:17.256+0000 INFO [o.n.i.d.DiagnosticsManager]   StringPropertyStore[neostore.labeltokenstore.db.names]: used=1 high=0
2021-09-18 21:15:17.256+0000 INFO [o.n.i.d.DiagnosticsManager]   LabelTokenStore[neostore.labeltokenstore.db]: used=0 high=-1
2021-09-18 21:15:17.256+0000 INFO [o.n.i.d.DiagnosticsManager]   SchemaStore[neostore.schemastore.db]: used=1 high=0
2021-09-18 21:15:17.256+0000 INFO [o.n.i.d.DiagnosticsManager]   RelationshipGroupStore[neostore.relationshipgroupstore.db]: used=1 high=0
2021-09-18 21:15:17.256+0000 INFO [o.n.i.d.DiagnosticsManager]   NeoStore[neostore]: used=15 high=14
2021-09-18 21:15:17.256+0000 INFO [o.n.i.d.DiagnosticsManager] --- STARTED diagnostics for NEO_STORE_ID_USAGE END ---
2021-09-18 21:15:17.256+0000 INFO [o.n.i.d.DiagnosticsManager] --- STARTED diagnostics for NEO_STORE_RECORDS START ---
2021-09-18 21:15:17.256+0000 INFO [o.n.i.d.DiagnosticsManager] Neostore records:
2021-09-18 21:15:17.257+0000 INFO [o.n.i.d.DiagnosticsManager] TIME (Creation time): 1631999716898
2021-09-18 21:15:17.257+0000 INFO [o.n.i.d.DiagnosticsManager] RANDOM_NUMBER (Random number for store id): 1922949304761913753
2021-09-18 21:15:17.257+0000 INFO [o.n.i.d.DiagnosticsManager] LOG_VERSION (Current log version): 0
2021-09-18 21:15:17.257+0000 INFO [o.n.i.d.DiagnosticsManager] LAST_TRANSACTION_ID (Last committed transaction): 1
2021-09-18 21:15:17.257+0000 INFO [o.n.i.d.DiagnosticsManager] STORE_VERSION (Store format version): 16094931155187206
2021-09-18 21:15:17.257+0000 INFO [o.n.i.d.DiagnosticsManager] FIRST_GRAPH_PROPERTY (First property record containing graph properties): -1
2021-09-18 21:15:17.257+0000 INFO [o.n.i.d.DiagnosticsManager] LAST_CONSTRAINT_TRANSACTION (Last committed transaction containing constraint changes): 0
2021-09-18 21:15:17.257+0000 INFO [o.n.i.d.DiagnosticsManager] UPGRADE_TRANSACTION_ID (Transaction id most recent upgrade was performed at): 1
2021-09-18 21:15:17.257+0000 INFO [o.n.i.d.DiagnosticsManager] UPGRADE_TIME (Time of last upgrade): 1631999716898
2021-09-18 21:15:17.258+0000 INFO [o.n.i.d.DiagnosticsManager] LAST_TRANSACTION_CHECKSUM (Checksum of last committed transaction): 0
2021-09-18 21:15:17.258+0000 INFO [o.n.i.d.DiagnosticsManager] UPGRADE_TRANSACTION_CHECKSUM (Checksum of transaction id the most recent upgrade was performed at): 0
2021-09-18 21:15:17.258+0000 INFO [o.n.i.d.DiagnosticsManager] LAST_CLOSED_TRANSACTION_LOG_VERSION (Log version where the last transaction commit entry has been written into): 0
2021-09-18 21:15:17.258+0000 INFO [o.n.i.d.DiagnosticsManager] LAST_CLOSED_TRANSACTION_LOG_BYTE_OFFSET (Byte offset in the log file where the last transaction commit entry has been written into): 16
2021-09-18 21:15:17.258+0000 INFO [o.n.i.d.DiagnosticsManager] LAST_TRANSACTION_COMMIT_TIMESTAMP (Commit time timestamp for last committed transaction): 0
2021-09-18 21:15:17.258+0000 INFO [o.n.i.d.DiagnosticsManager] UPGRADE_TRANSACTION_COMMIT_TIMESTAMP (Commit timestamp of transaction the most recent upgrade was performed at): 0
2021-09-18 21:15:17.258+0000 INFO [o.n.i.d.DiagnosticsManager] --- STARTED diagnostics for NEO_STORE_RECORDS END ---
2021-09-18 21:15:17.258+0000 INFO [o.n.i.d.DiagnosticsManager] --- STARTED diagnostics for TRANSACTION_RANGE START ---
2021-09-18 21:15:17.258+0000 INFO [o.n.i.d.DiagnosticsManager] Transaction log:
2021-09-18 21:15:17.260+0000 INFO [o.n.i.d.DiagnosticsManager] No transactions found in any log
2021-09-18 21:15:17.260+0000 INFO [o.n.i.d.DiagnosticsManager] --- STARTED diagnostics for TRANSACTION_RANGE END ---
2021-09-18 21:15:17.263+0000 INFO [o.n.i.d.DiagnosticsManager] --- STARTED diagnostics for KernelDiagnostics:StoreFiles START ---
2021-09-18 21:15:17.264+0000 INFO [o.n.i.d.DiagnosticsManager] Disk space on partition (Total / Free / Free %): 817664880640 / 98746748928 / 12
2021-09-18 21:15:17.265+0000 INFO [o.n.i.d.DiagnosticsManager] Storage files: (filename : modification date - size)
2021-09-18 21:15:17.268+0000 INFO [o.n.i.d.DiagnosticsManager]   index:
2021-09-18 21:15:17.269+0000 INFO [o.n.i.d.DiagnosticsManager]   - Total: 2021-09-18T21:15:17+0000 - 0.00 B
2021-09-18 21:15:17.269+0000 INFO [o.n.i.d.DiagnosticsManager]   neostore: 2021-09-18T21:15:16+0000 - 8.00 kB
2021-09-18 21:15:17.269+0000 INFO [o.n.i.d.DiagnosticsManager]   neostore.counts.db.a: 2021-09-18T21:15:17+0000 - 96.00 B
2021-09-18 21:15:17.269+0000 INFO [o.n.i.d.DiagnosticsManager]   neostore.id: 2021-09-18T21:15:16+0000 - 9.00 B
2021-09-18 21:15:17.270+0000 INFO [o.n.i.d.DiagnosticsManager]   neostore.labelscanstore.db: 2021-09-18T21:15:17+0000 - 40.00 kB
2021-09-18 21:15:17.270+0000 INFO [o.n.i.d.DiagnosticsManager]   neostore.labeltokenstore.db: 2021-09-18T21:15:16+0000 - 0.00 B
2021-09-18 21:15:17.270+0000 INFO [o.n.i.d.DiagnosticsManager]   neostore.labeltokenstore.db.id: 2021-09-18T21:15:16+0000 - 9.00 B
2021-09-18 21:15:17.270+0000 INFO [o.n.i.d.DiagnosticsManager]   neostore.labeltokenstore.db.names: 2021-09-18T21:15:16+0000 - 8.00 kB
2021-09-18 21:15:17.270+0000 INFO [o.n.i.d.DiagnosticsManager]   neostore.labeltokenstore.db.names.id: 2021-09-18T21:15:16+0000 - 9.00 B
2021-09-18 21:15:17.270+0000 INFO [o.n.i.d.DiagnosticsManager]   neostore.nodestore.db: 2021-09-18T21:15:16+0000 - 0.00 B
2021-09-18 21:15:17.270+0000 INFO [o.n.i.d.DiagnosticsManager]   neostore.nodestore.db.id: 2021-09-18T21:15:16+0000 - 9.00 B
2021-09-18 21:15:17.270+0000 INFO [o.n.i.d.DiagnosticsManager]   neostore.nodestore.db.labels: 2021-09-18T21:15:16+0000 - 8.00 kB
2021-09-18 21:15:17.271+0000 INFO [o.n.i.d.DiagnosticsManager]   neostore.nodestore.db.labels.id: 2021-09-18T21:15:16+0000 - 9.00 B
2021-09-18 21:15:17.271+0000 INFO [o.n.i.d.DiagnosticsManager]   neostore.propertystore.db: 2021-09-18T21:15:16+0000 - 0.00 B
2021-09-18 21:15:17.271+0000 INFO [o.n.i.d.DiagnosticsManager]   neostore.propertystore.db.arrays: 2021-09-18T21:15:16+0000 - 8.00 kB
2021-09-18 21:15:17.271+0000 INFO [o.n.i.d.DiagnosticsManager]   neostore.propertystore.db.arrays.id: 2021-09-18T21:15:16+0000 - 9.00 B
2021-09-18 21:15:17.271+0000 INFO [o.n.i.d.DiagnosticsManager]   neostore.propertystore.db.id: 2021-09-18T21:15:16+0000 - 9.00 B
2021-09-18 21:15:17.271+0000 INFO [o.n.i.d.DiagnosticsManager]   neostore.propertystore.db.index: 2021-09-18T21:15:16+0000 - 0.00 B
2021-09-18 21:15:17.271+0000 INFO [o.n.i.d.DiagnosticsManager]   neostore.propertystore.db.index.id: 2021-09-18T21:15:16+0000 - 9.00 B
2021-09-18 21:15:17.271+0000 INFO [o.n.i.d.DiagnosticsManager]   neostore.propertystore.db.index.keys: 2021-09-18T21:15:16+0000 - 8.00 kB
2021-09-18 21:15:17.272+0000 INFO [o.n.i.d.DiagnosticsManager]   neostore.propertystore.db.index.keys.id: 2021-09-18T21:15:16+0000 - 9.00 B
2021-09-18 21:15:17.272+0000 INFO [o.n.i.d.DiagnosticsManager]   neostore.propertystore.db.strings: 2021-09-18T21:15:16+0000 - 8.00 kB
2021-09-18 21:15:17.272+0000 INFO [o.n.i.d.DiagnosticsManager]   neostore.propertystore.db.strings.id: 2021-09-18T21:15:16+0000 - 9.00 B
2021-09-18 21:15:17.272+0000 INFO [o.n.i.d.DiagnosticsManager]   neostore.relationshipgroupstore.db: 2021-09-18T21:15:16+0000 - 8.00 kB
2021-09-18 21:15:17.272+0000 INFO [o.n.i.d.DiagnosticsManager]   neostore.relationshipgroupstore.db.id: 2021-09-18T21:15:16+0000 - 9.00 B
2021-09-18 21:15:17.272+0000 INFO [o.n.i.d.DiagnosticsManager]   neostore.relationshipstore.db: 2021-09-18T21:15:16+0000 - 0.00 B
2021-09-18 21:15:17.272+0000 INFO [o.n.i.d.DiagnosticsManager]   neostore.relationshipstore.db.id: 2021-09-18T21:15:16+0000 - 9.00 B
2021-09-18 21:15:17.273+0000 INFO [o.n.i.d.DiagnosticsManager]   neostore.relationshiptypestore.db: 2021-09-18T21:15:16+0000 - 0.00 B
2021-09-18 21:15:17.273+0000 INFO [o.n.i.d.DiagnosticsManager]   neostore.relationshiptypestore.db.id: 2021-09-18T21:15:16+0000 - 9.00 B
2021-09-18 21:15:17.273+0000 INFO [o.n.i.d.DiagnosticsManager]   neostore.relationshiptypestore.db.names: 2021-09-18T21:15:16+0000 - 8.00 kB
2021-09-18 21:15:17.273+0000 INFO [o.n.i.d.DiagnosticsManager]   neostore.relationshiptypestore.db.names.id: 2021-09-18T21:15:16+0000 - 9.00 B
2021-09-18 21:15:17.273+0000 INFO [o.n.i.d.DiagnosticsManager]   neostore.schemastore.db: 2021-09-18T21:15:16+0000 - 8.00 kB
2021-09-18 21:15:17.273+0000 INFO [o.n.i.d.DiagnosticsManager]   neostore.schemastore.db.id: 2021-09-18T21:15:16+0000 - 9.00 B
2021-09-18 21:15:17.273+0000 INFO [o.n.i.d.DiagnosticsManager]   neostore.transaction.db.0: 2021-09-18T21:15:17+0000 - 16.00 B
2021-09-18 21:15:17.273+0000 INFO [o.n.i.d.DiagnosticsManager] Storage summary: 
2021-09-18 21:15:17.273+0000 INFO [o.n.i.d.DiagnosticsManager]   Total size of store: 112.24 kB
2021-09-18 21:15:17.273+0000 INFO [o.n.i.d.DiagnosticsManager]   Total size of mapped files: 112.00 kB
2021-09-18 21:15:17.273+0000 INFO [o.n.i.d.DiagnosticsManager] --- STARTED diagnostics for KernelDiagnostics:StoreFiles END ---
2021-09-18 21:15:17.274+0000 INFO [o.n.k.a.DatabaseAvailabilityGuard] Fulfilling of requirement 'Database available' makes database graph.db available.
2021-09-18 21:15:17.274+0000 INFO [o.n.k.a.DatabaseAvailabilityGuard] Database graph.db is ready.
2021-09-18 21:15:17.274+0000 INFO [o.n.k.i.DatabaseHealth] Database health set to OK
2021-09-18 21:15:17.612+0000 INFO [o.n.b.BoltServer] Bolt server loaded
2021-09-18 21:15:17.741+0000 INFO [o.n.b.BoltServer] Bolt enabled on 0.0.0.0:7687.
2021-09-18 21:15:18.854+0000 INFO [o.n.i.d.DiagnosticsManager] --- SERVER STARTED START ---
2021-09-18 21:15:19.651+0000 INFO [o.n.i.d.DiagnosticsManager] --- SERVER STARTED END ---
2021-09-18 21:21:01.351+0000 INFO [o.n.k.a.DatabaseAvailabilityGuard] Database graph.db is unavailable.
2021-09-18 21:21:01.365+0000 INFO [o.n.g.f.GraphDatabaseFacadeFactory] Shutdown started
2021-09-18 21:21:01.366+0000 INFO [o.n.g.f.GraphDatabaseFacadeFactory] Shutting down 'graph.db' database.
2021-09-18 21:21:01.366+0000 INFO [o.n.g.f.GraphDatabaseFacadeFactory] Shutdown started
2021-09-18 21:21:01.376+0000 INFO [o.n.k.i.t.l.c.CheckPointerImpl] Checkpoint triggered by "Database shutdown" @ txId: 1 checkpoint started...
2021-09-18 21:21:01.387+0000 INFO [o.n.k.i.t.l.c.CheckPointerImpl] Checkpoint triggered by "Database shutdown" @ txId: 1 checkpoint completed in 10ms
2021-09-18 21:21:01.388+0000 INFO [o.n.k.i.t.l.p.LogPruningImpl] No log version pruned, last checkpoint was made in version 0
2021-09-18 21:21:01.484+0000 INFO [o.n.i.d.DiagnosticsManager] --- STOPPING diagnostics START ---
2021-09-18 21:21:01.484+0000 INFO [o.n.i.d.DiagnosticsManager] --- STOPPING diagnostics END ---
2021-09-18 21:23:42.226+0000 INFO [o.n.g.f.m.e.CommunityEditionModule] No locking implementation specified, defaulting to 'community'
2021-09-18 21:23:42.355+0000 INFO [o.n.g.f.GraphDatabaseFacadeFactory] Creating 'graph.db' database.
2021-09-18 21:23:42.398+0000 INFO [o.n.k.a.DatabaseAvailabilityGuard] Requirement `Database available` makes database graph.db unavailable.
2021-09-18 21:23:42.399+0000 INFO [o.n.k.a.DatabaseAvailabilityGuard] Database graph.db is unavailable.
2021-09-18 21:23:42.422+0000 INFO [o.n.i.d.DiagnosticsManager] --- INITIALIZED diagnostics START ---
2021-09-18 21:23:42.422+0000 INFO [o.n.i.d.DiagnosticsManager] Neo4j Kernel properties:
2021-09-18 21:23:42.422+0000 INFO [o.n.i.d.DiagnosticsManager] dbms.connector.http.enabled=true
2021-09-18 21:23:42.422+0000 INFO [o.n.i.d.DiagnosticsManager] dbms.security.auth_enabled=true
2021-09-18 21:23:42.422+0000 INFO [o.n.i.d.DiagnosticsManager] dbms.windows_service_name=neo4j
2021-09-18 21:23:42.423+0000 INFO [o.n.i.d.DiagnosticsManager] dbms.connector.http.listen_address=0.0.0.0:7474
2021-09-18 21:23:42.423+0000 INFO [o.n.i.d.DiagnosticsManager] dbms.connector.https.listen_address=0.0.0.0:7473
2021-09-18 21:23:42.423+0000 INFO [o.n.i.d.DiagnosticsManager] unsupported.dbms.directories.neo4j_home=/var/lib/neo4j
2021-09-18 21:23:42.423+0000 INFO [o.n.i.d.DiagnosticsManager] dbms.connector.bolt.listen_address=0.0.0.0:7687
2021-09-18 21:23:42.423+0000 INFO [o.n.i.d.DiagnosticsManager] dbms.directories.import=/import
2021-09-18 21:23:42.423+0000 INFO [o.n.i.d.DiagnosticsManager] dbms.default_listen_address=0.0.0.0
2021-09-18 21:23:42.423+0000 INFO [o.n.i.d.DiagnosticsManager] dbms.memory.pagecache.size=1G
2021-09-18 21:23:42.423+0000 INFO [o.n.i.d.DiagnosticsManager] unsupported.dbms.edition=community
2021-09-18 21:23:42.423+0000 INFO [o.n.i.d.DiagnosticsManager] dbms.directories.logs=/logs
2021-09-18 21:23:42.423+0000 INFO [o.n.i.d.DiagnosticsManager] dbms.connector.bolt.enabled=true
2021-09-18 21:23:42.423+0000 INFO [o.n.i.d.DiagnosticsManager] dbms.connector.https.enabled=true
2021-09-18 21:23:42.423+0000 INFO [o.n.i.d.DiagnosticsManager] dbms.jvm.additional=-XX:+UseG1GC
2021-09-18 21:23:42.423+0000 INFO [o.n.i.d.DiagnosticsManager] wrapper.java.additional=-Dneo4j.ext.udc.source=docker
2021-09-18 21:23:42.423+0000 INFO [o.n.i.d.DiagnosticsManager] dbms.directories.plugins=/plugins
2021-09-18 21:23:42.424+0000 INFO [o.n.i.d.DiagnosticsManager] dbms.tx_log.rotation.retention_policy=1 days
2021-09-18 21:23:42.424+0000 INFO [o.n.i.d.DiagnosticsManager] dbms.memory.heap.max_size=1G
2021-09-18 21:23:42.424+0000 INFO [o.n.i.d.DiagnosticsManager] Diagnostics providers:
2021-09-18 21:23:42.424+0000 INFO [o.n.i.d.DiagnosticsManager] org.neo4j.kernel.configuration.Config
2021-09-18 21:23:42.424+0000 INFO [o.n.i.d.DiagnosticsManager] org.neo4j.internal.diagnostics.DiagnosticsManager
2021-09-18 21:23:42.424+0000 INFO [o.n.i.d.DiagnosticsManager] SYSTEM_MEMORY
2021-09-18 21:23:42.424+0000 INFO [o.n.i.d.DiagnosticsManager] JAVA_MEMORY
2021-09-18 21:23:42.424+0000 INFO [o.n.i.d.DiagnosticsManager] OPERATING_SYSTEM
2021-09-18 21:23:42.424+0000 INFO [o.n.i.d.DiagnosticsManager] JAVA_VIRTUAL_MACHINE
2021-09-18 21:23:42.424+0000 INFO [o.n.i.d.DiagnosticsManager] CLASSPATH
2021-09-18 21:23:42.424+0000 INFO [o.n.i.d.DiagnosticsManager] LIBRARY_PATH
2021-09-18 21:23:42.424+0000 INFO [o.n.i.d.DiagnosticsManager] SYSTEM_PROPERTIES
2021-09-18 21:23:42.424+0000 INFO [o.n.i.d.DiagnosticsManager] TIMEZONE_DATABASE
2021-09-18 21:23:42.424+0000 INFO [o.n.i.d.DiagnosticsManager] LINUX_SCHEDULERS
2021-09-18 21:23:42.424+0000 INFO [o.n.i.d.DiagnosticsManager] NETWORK
2021-09-18 21:23:42.424+0000 INFO [o.n.i.d.DiagnosticsManager] System memory information:
2021-09-18 21:23:42.435+0000 INFO [o.n.i.d.DiagnosticsManager] Total Physical memory: 3.85 GB
2021-09-18 21:23:42.435+0000 INFO [o.n.i.d.DiagnosticsManager] Free Physical memory: 1.57 GB
2021-09-18 21:23:42.435+0000 INFO [o.n.i.d.DiagnosticsManager] Committed virtual memory: 3.85 GB
2021-09-18 21:23:42.436+0000 INFO [o.n.i.d.DiagnosticsManager] Total swap space: 1024.00 MB
2021-09-18 21:23:42.437+0000 INFO [o.n.i.d.DiagnosticsManager] Free swap space: 1024.00 MB
2021-09-18 21:23:42.437+0000 INFO [o.n.i.d.DiagnosticsManager] JVM memory information:
2021-09-18 21:23:42.437+0000 INFO [o.n.i.d.DiagnosticsManager] Free  memory: 38.50 MB
2021-09-18 21:23:42.437+0000 INFO [o.n.i.d.DiagnosticsManager] Total memory: 66.00 MB
2021-09-18 21:23:42.437+0000 INFO [o.n.i.d.DiagnosticsManager] Max   memory: 1.00 GB
2021-09-18 21:23:42.438+0000 INFO [o.n.i.d.DiagnosticsManager] Garbage Collector: G1 Young Generation: [G1 Eden Space, G1 Survivor Space, G1 Old Gen]
2021-09-18 21:23:42.440+0000 INFO [o.n.i.d.DiagnosticsManager] Garbage Collector: G1 Old Generation: [G1 Eden Space, G1 Survivor Space, G1 Old Gen]
2021-09-18 21:23:42.441+0000 INFO [o.n.i.d.DiagnosticsManager] Memory Pool: Code Cache (Non-heap memory): committed=6.44 MB, used=6.39 MB, max=240.00 MB, threshold=0.00 B
2021-09-18 21:23:42.441+0000 INFO [o.n.i.d.DiagnosticsManager] Memory Pool: Metaspace (Non-heap memory): committed=21.67 MB, used=20.63 MB, max=-1.00 B, threshold=0.00 B
2021-09-18 21:23:42.441+0000 INFO [o.n.i.d.DiagnosticsManager] Memory Pool: Compressed Class Space (Non-heap memory): committed=2.75 MB, used=2.45 MB, max=1.00 GB, threshold=0.00 B
2021-09-18 21:23:42.441+0000 INFO [o.n.i.d.DiagnosticsManager] Memory Pool: G1 Eden Space (Heap memory): committed=28.00 MB, used=4.00 MB, max=-1.00 B, threshold=?
2021-09-18 21:23:42.441+0000 INFO [o.n.i.d.DiagnosticsManager] Memory Pool: G1 Survivor Space (Heap memory): committed=4.00 MB, used=4.00 MB, max=-1.00 B, threshold=?
2021-09-18 21:23:42.442+0000 INFO [o.n.i.d.DiagnosticsManager] Memory Pool: G1 Old Gen (Heap memory): committed=34.00 MB, used=17.50 MB, max=1.00 GB, threshold=0.00 B
2021-09-18 21:23:42.442+0000 INFO [o.n.i.d.DiagnosticsManager] Operating system information:
2021-09-18 21:23:42.442+0000 INFO [o.n.i.d.DiagnosticsManager] Operating System: Linux; version: 4.9.125-linuxkit; arch: amd64; cpus: 4
2021-09-18 21:23:42.442+0000 INFO [o.n.i.d.DiagnosticsManager] Max number of file descriptors: 1048576
2021-09-18 21:23:42.442+0000 INFO [o.n.i.d.DiagnosticsManager] Number of open file descriptors: 139
2021-09-18 21:23:42.443+0000 INFO [o.n.i.d.DiagnosticsManager] Process id: 7@f7669c63e3a5
2021-09-18 21:23:42.443+0000 INFO [o.n.i.d.DiagnosticsManager] Byte order: LITTLE_ENDIAN
2021-09-18 21:23:42.445+0000 INFO [o.n.i.d.DiagnosticsManager] Local timezone: Etc/UTC
2021-09-18 21:23:42.445+0000 INFO [o.n.i.d.DiagnosticsManager] JVM information:
2021-09-18 21:23:42.445+0000 INFO [o.n.i.d.DiagnosticsManager] VM Name: OpenJDK 64-Bit Server VM
2021-09-18 21:23:42.445+0000 INFO [o.n.i.d.DiagnosticsManager] VM Vendor: Oracle Corporation
2021-09-18 21:23:42.445+0000 INFO [o.n.i.d.DiagnosticsManager] VM Version: 25.302-b08
2021-09-18 21:23:42.445+0000 INFO [o.n.i.d.DiagnosticsManager] JIT compiler: HotSpot 64-Bit Tiered Compilers
2021-09-18 21:23:42.446+0000 INFO [o.n.i.d.DiagnosticsManager] VM Arguments: [-Xmx1G, -XX:+UseG1GC, -XX:-OmitStackTraceInFastThrow, -XX:+AlwaysPreTouch, -XX:+UnlockExperimentalVMOptions, -XX:+TrustFinalNonStaticFields, -XX:+DisableExplicitGC, -Djdk.tls.ephemeralDHKeySize=2048, -Djdk.tls.rejectClientInitiatedRenegotiation=true, -Dunsupported.dbms.udc.source=docker, -Dfile.encoding=UTF-8]
2021-09-18 21:23:42.446+0000 INFO [o.n.i.d.DiagnosticsManager] Java classpath:
2021-09-18 21:23:42.447+0000 INFO [o.n.i.d.DiagnosticsManager]  [classpath + loader.0] file:/var/lib/neo4j/lib/zstd-proxy-3.5.29.jar
2021-09-18 21:23:42.447+0000 INFO [o.n.i.d.DiagnosticsManager]  [classpath + loader.0] file:/var/lib/neo4j/lib/server-api-3.5.29.jar
2021-09-18 21:23:42.447+0000 INFO [o.n.i.d.DiagnosticsManager]  [classpath + loader.0] file:/var/lib/neo4j/lib/neo4j-cypher-expression-3.4-3.4.18.jar
2021-09-18 21:23:42.447+0000 INFO [o.n.i.d.DiagnosticsManager]  [classpath + loader.0] file:/var/lib/neo4j/lib/neo4j-graphdb-api-3.5.29.jar
2021-09-18 21:23:42.448+0000 INFO [o.n.i.d.DiagnosticsManager]  [classpath + loader.0] file:/var/lib/neo4j/lib/neo4j-lucene-upgrade-3.5.29.jar
2021-09-18 21:23:42.448+0000 INFO [o.n.i.d.DiagnosticsManager]  [classpath + loader.0] file:/var/lib/neo4j/lib/neo4j-cypher-logical-plans-3.4-3.4.18.jar
2021-09-18 21:23:42.448+0000 INFO [o.n.i.d.DiagnosticsManager]  [classpath + loader.0] file:/var/lib/neo4j/lib/openCypher-frontend-1-3.4.18.jar
2021-09-18 21:23:42.448+0000 INFO [o.n.i.d.DiagnosticsManager]  [classpath + loader.0] file:/var/lib/neo4j/lib/neo4j-csv-3.5.29.jar
2021-09-18 21:23:42.448+0000 INFO [o.n.i.d.DiagnosticsManager]  [classpath + loader.0] file:/var/lib/neo4j/lib/neo4j-diagnostics-3.5.29.jar
2021-09-18 21:23:42.448+0000 INFO [o.n.i.d.DiagnosticsManager]  [classpath + loader.0] file:/var/lib/neo4j/lib/jetty-server-9.4.42.v20210604.jar
2021-09-18 21:23:42.448+0000 INFO [o.n.i.d.DiagnosticsManager]  [loader.1] file:/usr/local/openjdk-8/lib/ext/zipfs.jar
2021-09-18 21:23:42.448+0000 INFO [o.n.i.d.DiagnosticsManager]  [classpath + loader.0] file:/var/lib/neo4j/lib/concurrentlinkedhashmap-lru-1.4.2.jar
2021-09-18 21:23:42.448+0000 INFO [o.n.i.d.DiagnosticsManager]  [classpath + loader.0] file:/var/lib/neo4j/lib/jPowerShell-1.9.jar
2021-09-18 21:23:42.448+0000 INFO [o.n.i.d.DiagnosticsManager]  [classpath + loader.0] file:/var/lib/neo4j/lib/jackson-databind-2.10.5.1.jar
2021-09-18 21:23:42.448+0000 INFO [o.n.i.d.DiagnosticsManager]  [loader.1] file:/usr/local/openjdk-8/lib/ext/sunec.jar
2021-09-18 21:23:42.448+0000 INFO [o.n.i.d.DiagnosticsManager]  [classpath + loader.0] file:/var/lib/neo4j/lib/neo4j-cypher-ir-3.4-3.4.18.jar
2021-09-18 21:23:42.449+0000 INFO [o.n.i.d.DiagnosticsManager]  [classpath + loader.0] file:/plugins/*
2021-09-18 21:23:42.449+0000 INFO [o.n.i.d.DiagnosticsManager]  [classpath + loader.0] file:/var/lib/neo4j/lib/jakarta.activation-api-1.2.1.jar
2021-09-18 21:23:42.449+0000 INFO [o.n.i.d.DiagnosticsManager]  [loader.1] file:/usr/local/openjdk-8/lib/ext/sunjce_provider.jar
2021-09-18 21:23:42.449+0000 INFO [o.n.i.d.DiagnosticsManager]  [classpath + loader.0] file:/var/lib/neo4j/lib/neo4j-udc-3.5.29.jar
2021-09-18 21:23:42.449+0000 INFO [o.n.i.d.DiagnosticsManager]  [classpath + loader.0] file:/var/lib/neo4j/lib/neo4j-3.5.29.jar
2021-09-18 21:23:42.449+0000 INFO [o.n.i.d.DiagnosticsManager]  [classpath + loader.0] file:/var/lib/neo4j/lib/neo4j-command-line-3.5.29.jar
2021-09-18 21:23:42.449+0000 INFO [o.n.i.d.DiagnosticsManager]  [classpath + loader.0] file:/var/lib/neo4j/lib/jersey-server-1.19.3.jar
2021-09-18 21:23:42.449+0000 INFO [o.n.i.d.DiagnosticsManager]  [classpath + loader.0] file:/var/lib/neo4j/lib/neo4j-cypher-runtime-util-3.5.29.jar
2021-09-18 21:23:42.449+0000 INFO [o.n.i.d.DiagnosticsManager]  [classpath + loader.0] file:/var/lib/neo4j/lib/neo4j-cypher-ir-3.5-3.5.29.jar
2021-09-18 21:23:42.449+0000 INFO [o.n.i.d.DiagnosticsManager]  [classpath + loader.0] file:/var/lib/neo4j/lib/neo4j-parser-3.5-3.5.29.jar
2021-09-18 21:23:42.449+0000 INFO [o.n.i.d.DiagnosticsManager]  [classpath + loader.0] file:/var/lib/neo4j/lib/neo4j-dbms-3.5.29.jar
2021-09-18 21:23:42.449+0000 INFO [o.n.i.d.DiagnosticsManager]  [classpath + loader.0] file:/var/lib/neo4j/lib/commons-io-2.6.jar
2021-09-18 21:23:42.449+0000 INFO [o.n.i.d.DiagnosticsManager]  [loader.1] file:/usr/local/openjdk-8/lib/ext/dnsns.jar
2021-09-18 21:23:42.449+0000 INFO [o.n.i.d.DiagnosticsManager]  [classpath + loader.0] file:/var/lib/neo4j/lib/jersey-core-1.19.3.jar
2021-09-18 21:23:42.449+0000 INFO [o.n.i.d.DiagnosticsManager]  [classpath + loader.0] file:/var/lib/neo4j/lib/commons-configuration-1.10.jar
2021-09-18 21:23:42.449+0000 INFO [o.n.i.d.DiagnosticsManager]  [loader.1] file:/usr/local/openjdk-8/lib/ext/cldrdata.jar
2021-09-18 21:23:42.449+0000 INFO [o.n.i.d.DiagnosticsManager]  [bootstrap] /usr/local/openjdk-8/lib/charsets.jar
2021-09-18 21:23:42.449+0000 INFO [o.n.i.d.DiagnosticsManager]  [classpath + loader.0] file:/var/lib/neo4j/lib/neo4j-front-end-3.5-3.5.29.jar
2021-09-18 21:23:42.449+0000 INFO [o.n.i.d.DiagnosticsManager]  [classpath + loader.0] file:/var/lib/neo4j/lib/jetty-security-9.4.42.v20210604.jar
2021-09-18 21:23:42.449+0000 INFO [o.n.i.d.DiagnosticsManager]  [classpath + loader.0] file:/var/lib/neo4j/lib/neo4j-annotation-processors-3.5.29.jar
2021-09-18 21:23:42.449+0000 INFO [o.n.i.d.DiagnosticsManager]  [classpath + loader.0] file:/var/lib/neo4j/lib/jersey-servlet-1.19.3.jar
2021-09-18 21:23:42.449+0000 INFO [o.n.i.d.DiagnosticsManager]  [classpath + loader.0] file:/var/lib/neo4j/lib/neo4j-rewriting-3.5-3.5.29.jar
2021-09-18 21:23:42.449+0000 INFO [o.n.i.d.DiagnosticsManager]  [classpath + loader.0] file:/var/lib/neo4j/lib/jetty-io-9.4.42.v20210604.jar
2021-09-18 21:23:42.449+0000 INFO [o.n.i.d.DiagnosticsManager]  [classpath + loader.0] file:/var/lib/neo4j/lib/neo4j-values-3.5.29.jar
2021-09-18 21:23:42.449+0000 INFO [o.n.i.d.DiagnosticsManager]  [classpath + loader.0] file:/var/lib/neo4j/lib/bcprov-jdk15on-1.68.jar
2021-09-18 21:23:42.450+0000 INFO [o.n.i.d.DiagnosticsManager]  [classpath + loader.0] file:/var/lib/neo4j/lib/netty-all-4.1.48.Final.jar
2021-09-18 21:23:42.450+0000 INFO [o.n.i.d.DiagnosticsManager]  [classpath + loader.0] file:/var/lib/neo4j/lib/txw2-2.3.2.jar
2021-09-18 21:23:42.450+0000 INFO [o.n.i.d.DiagnosticsManager]  [bootstrap] /usr/local/openjdk-8/lib/resources.jar
2021-09-18 21:23:42.450+0000 INFO [o.n.i.d.DiagnosticsManager]  [classpath + loader.0] file:/var/lib/neo4j/lib/scala-library-2.11.12.jar
2021-09-18 21:23:42.450+0000 INFO [o.n.i.d.DiagnosticsManager]  [classpath + loader.0] file:/var/lib/neo4j/lib/jackson-module-jaxb-annotations-2.10.5.jar
2021-09-18 21:23:42.450+0000 INFO [o.n.i.d.DiagnosticsManager]  [classpath + loader.0] file:/var/lib/neo4j/lib/neo4j-bolt-3.5.29.jar
2021-09-18 21:23:42.450+0000 INFO [o.n.i.d.DiagnosticsManager]  [classpath + loader.0] file:/var/lib/neo4j/lib/neo4j-security-3.5.29.jar
2021-09-18 21:23:42.450+0000 INFO [o.n.i.d.DiagnosticsManager]  [classpath + loader.0] file:/var/lib/neo4j/lib/jetty-util-9.4.42.v20210604.jar
2021-09-18 21:23:42.450+0000 INFO [o.n.i.d.DiagnosticsManager]  [bootstrap] /usr/local/openjdk-8/lib/jsse.jar
2021-09-18 21:23:42.450+0000 INFO [o.n.i.d.DiagnosticsManager]  [loader.1] file:/usr/local/openjdk-8/lib/ext/localedata.jar
2021-09-18 21:23:42.450+0000 INFO [o.n.i.d.DiagnosticsManager]  [classpath + loader.0] file:/var/lib/neo4j/lib/jetty-http-9.4.42.v20210604.jar
2021-09-18 21:23:42.450+0000 INFO [o.n.i.d.DiagnosticsManager]  [classpath + loader.0] file:/var/lib/neo4j/lib/neo4j-fulltext-index-3.5.29.jar
2021-09-18 21:23:42.450+0000 INFO [o.n.i.d.DiagnosticsManager]  [classpath + loader.0] file:/var/lib/neo4j/lib/neo4j-concurrent-3.5.29.jar
2021-09-18 21:23:42.450+0000 INFO [o.n.i.d.DiagnosticsManager]  [classpath + loader.0] file:/var/lib/neo4j/lib/neo4j-push-to-cloud-3.5.29.jar
2021-09-18 21:23:42.450+0000 INFO [o.n.i.d.DiagnosticsManager]  [classpath + loader.0] file:/var/lib/neo4j/lib/neo4j-collections-3.5.29.jar
2021-09-18 21:23:42.450+0000 INFO [o.n.i.d.DiagnosticsManager]  [classpath + loader.0] file:/var/lib/neo4j/lib/neo4j-graph-algo-3.5.29.jar
2021-09-18 21:23:42.450+0000 INFO [o.n.i.d.DiagnosticsManager]  [classpath + loader.0] file:/var/lib/neo4j/lib/neo4j-codegen-3.5.29.jar
2021-09-18 21:23:42.450+0000 INFO [o.n.i.d.DiagnosticsManager]  [classpath + loader.0] file:/var/lib/neo4j/lib/javax.servlet-api-3.1.0.jar
2021-09-18 21:23:42.450+0000 INFO [o.n.i.d.DiagnosticsManager]  [bootstrap] /usr/local/openjdk-8/lib/sunrsasign.jar
2021-09-18 21:23:42.450+0000 INFO [o.n.i.d.DiagnosticsManager]  [classpath + loader.0] file:/var/lib/neo4j/lib/neo4j-ssl-3.5.29.jar
2021-09-18 21:23:42.450+0000 INFO [o.n.i.d.DiagnosticsManager]  [classpath + loader.0] file:/var/lib/neo4j/lib/jProcesses-1.6.4.jar
2021-09-18 21:23:42.450+0000 INFO [o.n.i.d.DiagnosticsManager]  [classpath + loader.0] file:/var/lib/neo4j/lib/neo4j-cypher-compiler-2.3-2.3.12.jar
2021-09-18 21:23:42.451+0000 INFO [o.n.i.d.DiagnosticsManager]  [classpath + loader.0] file:/var/lib/neo4j/lib/istack-commons-runtime-3.0.8.jar
2021-09-18 21:23:42.451+0000 INFO [o.n.i.d.DiagnosticsManager]  [classpath + loader.0] file:/var/lib/neo4j/lib/neo4j-server-3.5.29.jar
2021-09-18 21:23:42.451+0000 INFO [o.n.i.d.DiagnosticsManager]  [classpath + loader.0] file:/var/lib/neo4j/lib/bcpkix-jdk15on-1.68.jar
2021-09-18 21:23:42.451+0000 INFO [o.n.i.d.DiagnosticsManager]  [loader.1] file:/usr/local/openjdk-8/lib/ext/sunpkcs11.jar
2021-09-18 21:23:42.451+0000 INFO [o.n.i.d.DiagnosticsManager]  [classpath + loader.0] file:/var/lib/neo4j/lib/scala-reflect-2.11.12.jar
2021-09-18 21:23:42.451+0000 INFO [o.n.i.d.DiagnosticsManager]  [classpath + loader.0] file:/var/lib/neo4j/lib/neo4j-cypher-3.5.29.jar
2021-09-18 21:23:42.451+0000 INFO [o.n.i.d.DiagnosticsManager]  [classpath + loader.0] file:/var/lib/neo4j/lib/neo4j-lucene-index-3.5.29.jar
2021-09-18 21:23:42.451+0000 INFO [o.n.i.d.DiagnosticsManager]  [classpath + loader.0] file:/var/lib/neo4j/lib/neo4j-cypher-interpreted-runtime-3.5.29.jar
2021-09-18 21:23:42.451+0000 INFO [o.n.i.d.DiagnosticsManager]  [classpath + loader.0] file:/var/lib/neo4j/lib/commons-lang-2.6.jar
2021-09-18 21:23:42.451+0000 INFO [o.n.i.d.DiagnosticsManager]  [classpath + loader.0] file:/var/lib/neo4j/lib/lucene-core-5.5.5.jar
2021-09-18 21:23:42.451+0000 INFO [o.n.i.d.DiagnosticsManager]  [classpath + loader.0] file:/var/lib/neo4j/lib/neo4j-cypher-planner-spi-3.5-3.5.29.jar
2021-09-18 21:23:42.451+0000 INFO [o.n.i.d.DiagnosticsManager]  [classpath + loader.0] file:/var/lib/neo4j/lib/jetty-xml-9.4.42.v20210604.jar
2021-09-18 21:23:42.451+0000 INFO [o.n.i.d.DiagnosticsManager]  [classpath + loader.0] file:/var/lib/neo4j/lib/jetty-webapp-9.4.42.v20210604.jar
2021-09-18 21:23:42.451+0000 INFO [o.n.i.d.DiagnosticsManager]  [classpath + loader.0] file:/var/lib/neo4j/lib/lucene-codecs-5.5.5.jar
2021-09-18 21:23:42.451+0000 INFO [o.n.i.d.DiagnosticsManager]  [classpath + loader.0] file:/var/lib/neo4j/lib/neo4j-cypher-logical-plans-3.5-3.5.29.jar
2021-09-18 21:23:42.451+0000 INFO [o.n.i.d.DiagnosticsManager]  [classpath + loader.0] file:/var/lib/neo4j/lib/neo4j-logging-3.5.29.jar
2021-09-18 21:23:42.451+0000 INFO [o.n.i.d.DiagnosticsManager]  [classpath + loader.0] file:/var/lib/neo4j/lib/neo4j-browser-4.3.1.jar
2021-09-18 21:23:42.451+0000 INFO [o.n.i.d.DiagnosticsManager]  [classpath + loader.0] file:/var/lib/neo4j/lib/neo4j-cypher-expression-evaluator-3.5.29.jar
2021-09-18 21:23:42.451+0000 INFO [o.n.i.d.DiagnosticsManager]  [bootstrap] /usr/local/openjdk-8/lib/rt.jar
2021-09-18 21:23:42.451+0000 INFO [o.n.i.d.DiagnosticsManager]  [classpath + loader.0] file:/var/lib/neo4j/lib/activation-1.1.1.jar
2021-09-18 21:23:42.451+0000 INFO [o.n.i.d.DiagnosticsManager]  [classpath + loader.0] file:/var/lib/neo4j/lib/neo4j-legacy-3.5.29.jar
2021-09-18 21:23:42.451+0000 INFO [o.n.i.d.DiagnosticsManager]  [classpath + loader.0] file:/var/lib/neo4j/lib/neo4j-unsafe-3.5.29.jar
2021-09-18 21:23:42.451+0000 INFO [o.n.i.d.DiagnosticsManager]  [classpath + loader.0] file:/var/lib/neo4j/lib/stax-ex-1.8.1.jar
2021-09-18 21:23:42.451+0000 INFO [o.n.i.d.DiagnosticsManager]  [classpath + loader.0] file:/var/lib/neo4j/lib/neo4j-cypher-compiler-3.1-3.1.9.jar
2021-09-18 21:23:42.451+0000 INFO [o.n.i.d.DiagnosticsManager]  [classpath + loader.0] file:/var/lib/neo4j/lib/eclipse-collections-9.2.0.jar
2021-09-18 21:23:42.451+0000 INFO [o.n.i.d.DiagnosticsManager]  [classpath + loader.0] file:/var/lib/neo4j/lib/neo4j-kernel-3.5.29.jar
2021-09-18 21:23:42.451+0000 INFO [o.n.i.d.DiagnosticsManager]  [classpath + loader.0] file:/var/lib/neo4j/lib/commons-compress-1.19.jar
2021-09-18 21:23:42.451+0000 INFO [o.n.i.d.DiagnosticsManager]  [classpath + loader.0] file:/var/lib/neo4j/lib/commons-lang3-3.8.jar
2021-09-18 21:23:42.451+0000 INFO [o.n.i.d.DiagnosticsManager]  [classpath + loader.0] file:/var/lib/neo4j/conf/
2021-09-18 21:23:42.452+0000 INFO [o.n.i.d.DiagnosticsManager]  [classpath + loader.0] file:/var/lib/neo4j/lib/neo4j-spatial-index-3.5.29.jar
2021-09-18 21:23:42.452+0000 INFO [o.n.i.d.DiagnosticsManager]  [classpath + loader.0] file:/var/lib/neo4j/lib/jaxb-runtime-2.3.2.jar
2021-09-18 21:23:42.452+0000 INFO [o.n.i.d.DiagnosticsManager]  [classpath + loader.0] file:/var/lib/neo4j/lib/neo4j-import-tool-3.5.29.jar
2021-09-18 21:23:42.452+0000 INFO [o.n.i.d.DiagnosticsManager]  [classpath + loader.0] file:/var/lib/neo4j/lib/jaxb-api-2.3.0.jar
2021-09-18 21:23:42.452+0000 INFO [o.n.i.d.DiagnosticsManager]  [classpath + loader.0] file:/var/lib/neo4j/lib/neo4j-data-collector-3.5.29.jar
2021-09-18 21:23:42.452+0000 INFO [o.n.i.d.DiagnosticsManager]  [classpath + loader.0] file:/var/lib/neo4j/lib/neo4j-cypher-planner-3.4-3.4.18.jar
2021-09-18 21:23:42.452+0000 INFO [o.n.i.d.DiagnosticsManager]  [classpath + loader.0] file:/var/lib/neo4j/lib/opencsv-2.3.jar
2021-09-18 21:23:42.452+0000 INFO [o.n.i.d.DiagnosticsManager]  [classpath + loader.0] file:/var/lib/neo4j/lib/jackson-jaxrs-base-2.10.5.jar
2021-09-18 21:23:42.452+0000 INFO [o.n.i.d.DiagnosticsManager]  [classpath + loader.0] file:/var/lib/neo4j/lib/neo4j-index-3.5.29.jar
2021-09-18 21:23:42.452+0000 INFO [o.n.i.d.DiagnosticsManager]  [classpath + loader.0] file:/var/lib/neo4j/lib/neo4j-ast-3.5-3.5.29.jar
2021-09-18 21:23:42.452+0000 INFO [o.n.i.d.DiagnosticsManager]  [classpath + loader.0] file:/var/lib/neo4j/lib/parboiled-scala_2.11-1.1.7.jar
2021-09-18 21:23:42.452+0000 INFO [o.n.i.d.DiagnosticsManager]  [classpath + loader.0] file:/var/lib/neo4j/lib/jackson-annotations-2.10.5.jar
2021-09-18 21:23:42.452+0000 INFO [o.n.i.d.DiagnosticsManager]  [classpath + loader.0] file:/var/lib/neo4j/lib/neo4j-cypher-planner-spi-3.4-3.4.18.jar
2021-09-18 21:23:42.452+0000 INFO [o.n.i.d.DiagnosticsManager]  [classpath + loader.0] file:/var/lib/neo4j/lib/neo4j-consistency-check-3.5.29.jar
2021-09-18 21:23:42.452+0000 INFO [o.n.i.d.DiagnosticsManager]  [bootstrap] /usr/local/openjdk-8/classes
2021-09-18 21:23:42.452+0000 INFO [o.n.i.d.DiagnosticsManager]  [classpath + loader.0] file:/var/lib/neo4j/lib/eclipse-collections-api-9.2.0.jar
2021-09-18 21:23:42.452+0000 INFO [o.n.i.d.DiagnosticsManager]  [classpath + loader.0] file:/var/lib/neo4j/lib/FastInfoset-1.2.16.jar
2021-09-18 21:23:42.452+0000 INFO [o.n.i.d.DiagnosticsManager]  [bootstrap] /usr/local/openjdk-8/lib/jfr.jar
2021-09-18 21:23:42.452+0000 INFO [o.n.i.d.DiagnosticsManager]  [classpath + loader.0] file:/var/lib/neo4j/lib/caffeine-2.6.2.jar
2021-09-18 21:23:42.452+0000 INFO [o.n.i.d.DiagnosticsManager]  [classpath + loader.0] file:/var/lib/neo4j/lib/lucene-queryparser-5.5.5.jar
2021-09-18 21:23:42.452+0000 INFO [o.n.i.d.DiagnosticsManager]  [loader.1] file:/usr/local/openjdk-8/lib/ext/nashorn.jar
2021-09-18 21:23:42.452+0000 INFO [o.n.i.d.DiagnosticsManager]  [bootstrap] /usr/local/openjdk-8/lib/jce.jar
2021-09-18 21:23:42.452+0000 INFO [o.n.i.d.DiagnosticsManager]  [classpath + loader.0] file:/var/lib/neo4j/lib/neo4j-cypher-frontend-3.1-3.1.9.jar
2021-09-18 21:23:42.453+0000 INFO [o.n.i.d.DiagnosticsManager]  [classpath + loader.0] file:/var/lib/neo4j/lib/WMI4Java-1.6.1.jar
2021-09-18 21:23:42.453+0000 INFO [o.n.i.d.DiagnosticsManager]  [classpath + loader.0] file:/var/lib/neo4j/lib/neo4j-resource-3.5.29.jar
2021-09-18 21:23:42.453+0000 INFO [o.n.i.d.DiagnosticsManager]  [classpath + loader.0] file:/var/lib/neo4j/lib/neo4j-expressions-3.5-3.5.29.jar
2021-09-18 21:23:42.453+0000 INFO [o.n.i.d.DiagnosticsManager]  [classpath + loader.0] file:/var/lib/neo4j/lib/neo4j-jmx-3.5.29.jar
2021-09-18 21:23:42.453+0000 INFO [o.n.i.d.DiagnosticsManager]  [classpath + loader.0] file:/var/lib/neo4j/lib/neo4j-util-3.5-3.5.29.jar
2021-09-18 21:23:42.453+0000 INFO [o.n.i.d.DiagnosticsManager]  [classpath + loader.0] file:/var/lib/neo4j/lib/neo4j-common-3.5.29.jar
2021-09-18 21:23:42.453+0000 INFO [o.n.i.d.DiagnosticsManager]  [classpath + loader.0] file:/var/lib/neo4j/lib/jsr311-api-1.1.2.r612.jar
2021-09-18 21:23:42.453+0000 INFO [o.n.i.d.DiagnosticsManager]  [classpath + loader.0] file:/var/lib/neo4j/lib/jackson-jaxrs-json-provider-2.10.5.jar
2021-09-18 21:23:42.453+0000 INFO [o.n.i.d.DiagnosticsManager]  [classpath + loader.0] file:/var/lib/neo4j/lib/neo4j-cypher-frontend-2.3-2.3.12.jar
2021-09-18 21:23:42.453+0000 INFO [o.n.i.d.DiagnosticsManager]  [classpath + loader.0] file:/plugins/
2021-09-18 21:23:42.453+0000 INFO [o.n.i.d.DiagnosticsManager]  [classpath + loader.0] file:/var/lib/neo4j/lib/lucene-analyzers-common-5.5.5.jar
2021-09-18 21:23:42.453+0000 INFO [o.n.i.d.DiagnosticsManager]  [classpath + loader.0] file:/var/lib/neo4j/lib/neo4j-configuration-3.5.29.jar
2021-09-18 21:23:42.453+0000 INFO [o.n.i.d.DiagnosticsManager]  [classpath + loader.0] file:/var/lib/neo4j/lib/jetty-servlet-9.4.42.v20210604.jar
2021-09-18 21:23:42.453+0000 INFO [o.n.i.d.DiagnosticsManager]  [classpath + loader.0] file:/var/lib/neo4j/lib/neo4j-procedure-api-3.5.29.jar
2021-09-18 21:23:42.453+0000 INFO [o.n.i.d.DiagnosticsManager]  [classpath + loader.0] file:/var/lib/neo4j/lib/zstd-jni-1.3.8-6.jar
2021-09-18 21:23:42.453+0000 INFO [o.n.i.d.DiagnosticsManager]  [classpath + loader.0] file:/var/lib/neo4j/lib/neo4j-cypher-util-3.4-3.4.18.jar
2021-09-18 21:23:42.453+0000 INFO [o.n.i.d.DiagnosticsManager]  [classpath + loader.0] file:/var/lib/neo4j/lib/neo4j-kernel-api-3.5.29.jar
2021-09-18 21:23:42.453+0000 INFO [o.n.i.d.DiagnosticsManager]  [classpath + loader.0] file:/var/lib/neo4j/lib/jakarta.xml.bind-api-2.3.2.jar
2021-09-18 21:23:42.453+0000 INFO [o.n.i.d.DiagnosticsManager]  [classpath + loader.0] file:/var/lib/neo4j/lib/commons-logging-1.1.1.jar
2021-09-18 21:23:42.453+0000 INFO [o.n.i.d.DiagnosticsManager]  [classpath + loader.0] file:/var/lib/neo4j/lib/commons-text-1.4.jar
2021-09-18 21:23:42.453+0000 INFO [o.n.i.d.DiagnosticsManager]  [classpath + loader.0] file:/var/lib/neo4j/lib/neo4j-cypher-planner-3.5-3.5.29.jar
2021-09-18 21:23:42.453+0000 INFO [o.n.i.d.DiagnosticsManager]  [loader.1] file:/usr/local/openjdk-8/lib/ext/jaccess.jar
2021-09-18 21:23:42.453+0000 INFO [o.n.i.d.DiagnosticsManager]  [classpath + loader.0] file:/var/lib/neo4j/lib/neo4j-graph-matching-3.1.9.jar
2021-09-18 21:23:42.453+0000 INFO [o.n.i.d.DiagnosticsManager]  [classpath + loader.0] file:/var/lib/neo4j/lib/parboiled-core-1.1.7.jar
2021-09-18 21:23:42.453+0000 INFO [o.n.i.d.DiagnosticsManager]  [classpath + loader.0] file:/var/lib/neo4j/lib/jackson-core-2.10.5.jar
2021-09-18 21:23:42.453+0000 INFO [o.n.i.d.DiagnosticsManager]  [classpath + loader.0] file:/var/lib/neo4j/lib/neo4j-io-3.5.29.jar
2021-09-18 21:23:42.453+0000 INFO [o.n.i.d.DiagnosticsManager] Library path:
2021-09-18 21:23:42.454+0000 INFO [o.n.i.d.DiagnosticsManager] /usr/java/packages/lib/amd64
2021-09-18 21:23:42.454+0000 INFO [o.n.i.d.DiagnosticsManager] /usr/lib64
2021-09-18 21:23:42.454+0000 INFO [o.n.i.d.DiagnosticsManager] /lib64
2021-09-18 21:23:42.454+0000 INFO [o.n.i.d.DiagnosticsManager] /lib
2021-09-18 21:23:42.454+0000 INFO [o.n.i.d.DiagnosticsManager] /usr/lib
2021-09-18 21:23:42.454+0000 INFO [o.n.i.d.DiagnosticsManager] System.properties:
2021-09-18 21:23:42.454+0000 INFO [o.n.i.d.DiagnosticsManager] sun.boot.library.path = /usr/local/openjdk-8/lib/amd64
2021-09-18 21:23:42.454+0000 INFO [o.n.i.d.DiagnosticsManager] jdk.tls.rejectClientInitiatedRenegotiation = true
2021-09-18 21:23:42.454+0000 INFO [o.n.i.d.DiagnosticsManager] path.separator = :
2021-09-18 21:23:42.454+0000 INFO [o.n.i.d.DiagnosticsManager] file.encoding.pkg = sun.io
2021-09-18 21:23:42.454+0000 INFO [o.n.i.d.DiagnosticsManager] sun.java.launcher = SUN_STANDARD
2021-09-18 21:23:42.454+0000 INFO [o.n.i.d.DiagnosticsManager] sun.os.patch.level = unknown
2021-09-18 21:23:42.454+0000 INFO [o.n.i.d.DiagnosticsManager] user.dir = /var/lib/neo4j
2021-09-18 21:23:42.454+0000 INFO [o.n.i.d.DiagnosticsManager] sun.jnu.encoding = UTF-8
2021-09-18 21:23:42.454+0000 INFO [o.n.i.d.DiagnosticsManager] unsupported.dbms.udc.source = docker
2021-09-18 21:23:42.454+0000 INFO [o.n.i.d.DiagnosticsManager] sun.management.compiler = HotSpot 64-Bit Tiered Compilers
2021-09-18 21:23:42.454+0000 INFO [o.n.i.d.DiagnosticsManager] user.home = /var/lib/neo4j
2021-09-18 21:23:42.454+0000 INFO [o.n.i.d.DiagnosticsManager] user.timezone = Etc/UTC
2021-09-18 21:23:42.455+0000 INFO [o.n.i.d.DiagnosticsManager] file.encoding = UTF-8
2021-09-18 21:23:42.455+0000 INFO [o.n.i.d.DiagnosticsManager] user.name = neo4j
2021-09-18 21:23:42.455+0000 INFO [o.n.i.d.DiagnosticsManager] sun.java.command = org.neo4j.server.CommunityEntryPoint --home-dir=/var/lib/neo4j --config-dir=/var/lib/neo4j/conf
2021-09-18 21:23:42.455+0000 INFO [o.n.i.d.DiagnosticsManager] sun.arch.data.model = 64
2021-09-18 21:23:42.455+0000 INFO [o.n.i.d.DiagnosticsManager] user.language = en
2021-09-18 21:23:42.455+0000 INFO [o.n.i.d.DiagnosticsManager] awt.toolkit = sun.awt.X11.XToolkit
2021-09-18 21:23:42.455+0000 INFO [o.n.i.d.DiagnosticsManager] jdk.tls.ephemeralDHKeySize = 2048
2021-09-18 21:23:42.455+0000 INFO [o.n.i.d.DiagnosticsManager] file.separator = /
2021-09-18 21:23:42.455+0000 INFO [o.n.i.d.DiagnosticsManager] sun.io.unicode.encoding = UnicodeLittle
2021-09-18 21:23:42.455+0000 INFO [o.n.i.d.DiagnosticsManager] sun.cpu.endian = little
2021-09-18 21:23:42.455+0000 INFO [o.n.i.d.DiagnosticsManager] sun.cpu.isalist = 
2021-09-18 21:23:42.455+0000 INFO [o.n.i.d.DiagnosticsManager] (IANA) TimeZone Database Version:
2021-09-18 21:23:42.476+0000 INFO [o.n.i.d.DiagnosticsManager]   TimeZone version: 2021a (available for 600 zone identifiers)
2021-09-18 21:23:42.476+0000 INFO [o.n.i.d.DiagnosticsManager] Linux scheduler information:
2021-09-18 21:23:42.478+0000 INFO [o.n.i.d.DiagnosticsManager] none
2021-09-18 21:23:42.478+0000 INFO [o.n.i.d.DiagnosticsManager] none
2021-09-18 21:23:42.478+0000 INFO [o.n.i.d.DiagnosticsManager] none
2021-09-18 21:23:42.478+0000 INFO [o.n.i.d.DiagnosticsManager] none
2021-09-18 21:23:42.478+0000 INFO [o.n.i.d.DiagnosticsManager] none
2021-09-18 21:23:42.478+0000 INFO [o.n.i.d.DiagnosticsManager] none
2021-09-18 21:23:42.478+0000 INFO [o.n.i.d.DiagnosticsManager] none
2021-09-18 21:23:42.479+0000 INFO [o.n.i.d.DiagnosticsManager] noop [deadline] cfq 
2021-09-18 21:23:42.479+0000 INFO [o.n.i.d.DiagnosticsManager] none
2021-09-18 21:23:42.479+0000 INFO [o.n.i.d.DiagnosticsManager] none
2021-09-18 21:23:42.479+0000 INFO [o.n.i.d.DiagnosticsManager] none
2021-09-18 21:23:42.479+0000 INFO [o.n.i.d.DiagnosticsManager] noop [deadline] cfq 
2021-09-18 21:23:42.479+0000 INFO [o.n.i.d.DiagnosticsManager] none
2021-09-18 21:23:42.479+0000 INFO [o.n.i.d.DiagnosticsManager] none
2021-09-18 21:23:42.479+0000 INFO [o.n.i.d.DiagnosticsManager] none
2021-09-18 21:23:42.480+0000 INFO [o.n.i.d.DiagnosticsManager] none
2021-09-18 21:23:42.480+0000 INFO [o.n.i.d.DiagnosticsManager] none
2021-09-18 21:23:42.480+0000 INFO [o.n.i.d.DiagnosticsManager] none
2021-09-18 21:23:42.480+0000 INFO [o.n.i.d.DiagnosticsManager] noop [deadline] cfq 
2021-09-18 21:23:42.480+0000 INFO [o.n.i.d.DiagnosticsManager] none
2021-09-18 21:23:42.480+0000 INFO [o.n.i.d.DiagnosticsManager] none
2021-09-18 21:23:42.480+0000 INFO [o.n.i.d.DiagnosticsManager] none
2021-09-18 21:23:42.480+0000 INFO [o.n.i.d.DiagnosticsManager] none
2021-09-18 21:23:42.480+0000 INFO [o.n.i.d.DiagnosticsManager] none
2021-09-18 21:23:42.481+0000 INFO [o.n.i.d.DiagnosticsManager] noop [deadline] cfq 
2021-09-18 21:23:42.481+0000 INFO [o.n.i.d.DiagnosticsManager] none
2021-09-18 21:23:42.481+0000 INFO [o.n.i.d.DiagnosticsManager] none
2021-09-18 21:23:42.481+0000 INFO [o.n.i.d.DiagnosticsManager] none
2021-09-18 21:23:42.481+0000 INFO [o.n.i.d.DiagnosticsManager] Network information:
2021-09-18 21:23:42.482+0000 INFO [o.n.i.d.DiagnosticsManager] Interface eth0:
2021-09-18 21:23:42.482+0000 INFO [o.n.i.d.DiagnosticsManager]     address: 172.21.0.2
2021-09-18 21:23:42.482+0000 INFO [o.n.i.d.DiagnosticsManager] Interface lo:
2021-09-18 21:23:42.482+0000 INFO [o.n.i.d.DiagnosticsManager]     address: 127.0.0.1
2021-09-18 21:23:42.482+0000 INFO [o.n.i.d.DiagnosticsManager] --- INITIALIZED diagnostics END ---
2021-09-18 21:23:42.649+0000 INFO [o.n.k.i.s.f.RecordFormatSelector] Selected RecordFormat:StandardV3_4[v0.A.9] record format from store /data/databases/graph.db
2021-09-18 21:23:42.674+0000 INFO [o.n.k.i.s.f.RecordFormatSelector] Selected RecordFormat:StandardV3_4[v0.A.9] record format from store /data/databases/graph.db
2021-09-18 21:23:42.674+0000 INFO [o.n.k.i.s.f.RecordFormatSelector] Format not configured. Selected format from the store: RecordFormat:StandardV3_4[v0.A.9]
2021-09-18 21:23:43.100+0000 INFO [o.n.k.NeoStoreDataSource] No commits found after last check point (which is at LogPosition{logVersion=0, byteOffset=16})
2021-09-18 21:23:43.114+0000 INFO [o.n.i.d.DiagnosticsManager] --- STARTED diagnostics for KernelDiagnostics:Versions START ---
2021-09-18 21:23:43.114+0000 INFO [o.n.i.d.DiagnosticsManager] Graph Database: community single StoreId{creationTime=1631999716898, randomId=1922949304761913753, storeVersion=16094931155187206, upgradeTime=1631999716898, upgradeId=1}
2021-09-18 21:23:43.114+0000 INFO [o.n.i.d.DiagnosticsManager] Kernel version: 3.5.29,916ddf482c3248e475a56eca4163c85033080c10
2021-09-18 21:23:43.114+0000 INFO [o.n.i.d.DiagnosticsManager] --- STARTED diagnostics for KernelDiagnostics:Versions END ---
2021-09-18 21:23:43.115+0000 INFO [o.n.i.d.DiagnosticsManager] --- STARTED diagnostics for NEO_STORE_VERSIONS START ---
2021-09-18 21:23:43.115+0000 INFO [o.n.i.d.DiagnosticsManager] Store versions:
2021-09-18 21:23:43.116+0000 INFO [o.n.i.d.DiagnosticsManager]   ArrayPropertyStore[neostore.nodestore.db.labels] v0.A.9
2021-09-18 21:23:43.116+0000 INFO [o.n.i.d.DiagnosticsManager]   NodeStore[neostore.nodestore.db] v0.A.9
2021-09-18 21:23:43.116+0000 INFO [o.n.i.d.DiagnosticsManager]   StringPropertyStore[neostore.propertystore.db.index.keys] v0.A.9
2021-09-18 21:23:43.116+0000 INFO [o.n.i.d.DiagnosticsManager]   PropertyIndexStore[neostore.propertystore.db.index] v0.A.9
2021-09-18 21:23:43.116+0000 INFO [o.n.i.d.DiagnosticsManager]   StringPropertyStore[neostore.propertystore.db.strings] v0.A.9
2021-09-18 21:23:43.116+0000 INFO [o.n.i.d.DiagnosticsManager]   ArrayPropertyStore[neostore.propertystore.db.arrays] v0.A.9
2021-09-18 21:23:43.116+0000 INFO [o.n.i.d.DiagnosticsManager]   PropertyStore[neostore.propertystore.db] v0.A.9
2021-09-18 21:23:43.116+0000 INFO [o.n.i.d.DiagnosticsManager]   RelationshipStore[neostore.relationshipstore.db] v0.A.9
2021-09-18 21:23:43.116+0000 INFO [o.n.i.d.DiagnosticsManager]   StringPropertyStore[neostore.relationshiptypestore.db.names] v0.A.9
2021-09-18 21:23:43.116+0000 INFO [o.n.i.d.DiagnosticsManager]   RelationshipTypeStore[neostore.relationshiptypestore.db] v0.A.9
2021-09-18 21:23:43.116+0000 INFO [o.n.i.d.DiagnosticsManager]   StringPropertyStore[neostore.labeltokenstore.db.names] v0.A.9
2021-09-18 21:23:43.116+0000 INFO [o.n.i.d.DiagnosticsManager]   LabelTokenStore[neostore.labeltokenstore.db] v0.A.9
2021-09-18 21:23:43.116+0000 INFO [o.n.i.d.DiagnosticsManager]   SchemaStore[neostore.schemastore.db] v0.A.9
2021-09-18 21:23:43.116+0000 INFO [o.n.i.d.DiagnosticsManager]   RelationshipGroupStore[neostore.relationshipgroupstore.db] v0.A.9
2021-09-18 21:23:43.116+0000 INFO [o.n.i.d.DiagnosticsManager]   NeoStore[neostore] v0.A.9
2021-09-18 21:23:43.116+0000 INFO [o.n.i.d.DiagnosticsManager] --- STARTED diagnostics for NEO_STORE_VERSIONS END ---
2021-09-18 21:23:43.117+0000 INFO [o.n.i.d.DiagnosticsManager] --- STARTED diagnostics for NEO_STORE_ID_USAGE START ---
2021-09-18 21:23:43.117+0000 INFO [o.n.i.d.DiagnosticsManager] Id usage:
2021-09-18 21:23:43.117+0000 INFO [o.n.i.d.DiagnosticsManager]   ArrayPropertyStore[neostore.nodestore.db.labels]: used=1 high=0
2021-09-18 21:23:43.117+0000 INFO [o.n.i.d.DiagnosticsManager]   NodeStore[neostore.nodestore.db]: used=0 high=-1
2021-09-18 21:23:43.117+0000 INFO [o.n.i.d.DiagnosticsManager]   StringPropertyStore[neostore.propertystore.db.index.keys]: used=1 high=0
2021-09-18 21:23:43.117+0000 INFO [o.n.i.d.DiagnosticsManager]   PropertyIndexStore[neostore.propertystore.db.index]: used=0 high=-1
2021-09-18 21:23:43.117+0000 INFO [o.n.i.d.DiagnosticsManager]   StringPropertyStore[neostore.propertystore.db.strings]: used=1 high=0
2021-09-18 21:23:43.117+0000 INFO [o.n.i.d.DiagnosticsManager]   ArrayPropertyStore[neostore.propertystore.db.arrays]: used=1 high=0
2021-09-18 21:23:43.117+0000 INFO [o.n.i.d.DiagnosticsManager]   PropertyStore[neostore.propertystore.db]: used=0 high=-1
2021-09-18 21:23:43.117+0000 INFO [o.n.i.d.DiagnosticsManager]   RelationshipStore[neostore.relationshipstore.db]: used=0 high=-1
2021-09-18 21:23:43.117+0000 INFO [o.n.i.d.DiagnosticsManager]   StringPropertyStore[neostore.relationshiptypestore.db.names]: used=1 high=0
2021-09-18 21:23:43.117+0000 INFO [o.n.i.d.DiagnosticsManager]   RelationshipTypeStore[neostore.relationshiptypestore.db]: used=0 high=-1
2021-09-18 21:23:43.117+0000 INFO [o.n.i.d.DiagnosticsManager]   StringPropertyStore[neostore.labeltokenstore.db.names]: used=1 high=0
2021-09-18 21:23:43.117+0000 INFO [o.n.i.d.DiagnosticsManager]   LabelTokenStore[neostore.labeltokenstore.db]: used=0 high=-1
2021-09-18 21:23:43.118+0000 INFO [o.n.i.d.DiagnosticsManager]   SchemaStore[neostore.schemastore.db]: used=1 high=0
2021-09-18 21:23:43.118+0000 INFO [o.n.i.d.DiagnosticsManager]   RelationshipGroupStore[neostore.relationshipgroupstore.db]: used=1 high=0
2021-09-18 21:23:43.118+0000 INFO [o.n.i.d.DiagnosticsManager]   NeoStore[neostore]: used=15 high=14
2021-09-18 21:23:43.118+0000 INFO [o.n.i.d.DiagnosticsManager] --- STARTED diagnostics for NEO_STORE_ID_USAGE END ---
2021-09-18 21:23:43.118+0000 INFO [o.n.i.d.DiagnosticsManager] --- STARTED diagnostics for NEO_STORE_RECORDS START ---
2021-09-18 21:23:43.118+0000 INFO [o.n.i.d.DiagnosticsManager] Neostore records:
2021-09-18 21:23:43.118+0000 INFO [o.n.i.d.DiagnosticsManager] TIME (Creation time): 1631999716898
2021-09-18 21:23:43.118+0000 INFO [o.n.i.d.DiagnosticsManager] RANDOM_NUMBER (Random number for store id): 1922949304761913753
2021-09-18 21:23:43.118+0000 INFO [o.n.i.d.DiagnosticsManager] LOG_VERSION (Current log version): 0
2021-09-18 21:23:43.118+0000 INFO [o.n.i.d.DiagnosticsManager] LAST_TRANSACTION_ID (Last committed transaction): 1
2021-09-18 21:23:43.118+0000 INFO [o.n.i.d.DiagnosticsManager] STORE_VERSION (Store format version): 16094931155187206
2021-09-18 21:23:43.118+0000 INFO [o.n.i.d.DiagnosticsManager] FIRST_GRAPH_PROPERTY (First property record containing graph properties): -1
2021-09-18 21:23:43.118+0000 INFO [o.n.i.d.DiagnosticsManager] LAST_CONSTRAINT_TRANSACTION (Last committed transaction containing constraint changes): 0
2021-09-18 21:23:43.118+0000 INFO [o.n.i.d.DiagnosticsManager] UPGRADE_TRANSACTION_ID (Transaction id most recent upgrade was performed at): 1
2021-09-18 21:23:43.118+0000 INFO [o.n.i.d.DiagnosticsManager] UPGRADE_TIME (Time of last upgrade): 1631999716898
2021-09-18 21:23:43.118+0000 INFO [o.n.i.d.DiagnosticsManager] LAST_TRANSACTION_CHECKSUM (Checksum of last committed transaction): 0
2021-09-18 21:23:43.118+0000 INFO [o.n.i.d.DiagnosticsManager] UPGRADE_TRANSACTION_CHECKSUM (Checksum of transaction id the most recent upgrade was performed at): 0
2021-09-18 21:23:43.119+0000 INFO [o.n.i.d.DiagnosticsManager] LAST_CLOSED_TRANSACTION_LOG_VERSION (Log version where the last transaction commit entry has been written into): 0
2021-09-18 21:23:43.119+0000 INFO [o.n.i.d.DiagnosticsManager] LAST_CLOSED_TRANSACTION_LOG_BYTE_OFFSET (Byte offset in the log file where the last transaction commit entry has been written into): 16
2021-09-18 21:23:43.119+0000 INFO [o.n.i.d.DiagnosticsManager] LAST_TRANSACTION_COMMIT_TIMESTAMP (Commit time timestamp for last committed transaction): 0
2021-09-18 21:23:43.119+0000 INFO [o.n.i.d.DiagnosticsManager] UPGRADE_TRANSACTION_COMMIT_TIMESTAMP (Commit timestamp of transaction the most recent upgrade was performed at): 0
2021-09-18 21:23:43.119+0000 INFO [o.n.i.d.DiagnosticsManager] --- STARTED diagnostics for NEO_STORE_RECORDS END ---
2021-09-18 21:23:43.119+0000 INFO [o.n.i.d.DiagnosticsManager] --- STARTED diagnostics for TRANSACTION_RANGE START ---
2021-09-18 21:23:43.119+0000 INFO [o.n.i.d.DiagnosticsManager] Transaction log:
2021-09-18 21:23:43.122+0000 INFO [o.n.i.d.DiagnosticsManager] Oldest transaction 2 found in log with version 0
2021-09-18 21:23:43.122+0000 INFO [o.n.i.d.DiagnosticsManager] --- STARTED diagnostics for TRANSACTION_RANGE END ---
2021-09-18 21:23:43.124+0000 INFO [o.n.i.d.DiagnosticsManager] --- STARTED diagnostics for KernelDiagnostics:StoreFiles START ---
2021-09-18 21:23:43.126+0000 INFO [o.n.i.d.DiagnosticsManager] Disk space on partition (Total / Free / Free %): 817664880640 / 98744274944 / 12
2021-09-18 21:23:43.126+0000 INFO [o.n.i.d.DiagnosticsManager] Storage files: (filename : modification date - size)
2021-09-18 21:23:43.129+0000 INFO [o.n.i.d.DiagnosticsManager]   index:
2021-09-18 21:23:43.130+0000 INFO [o.n.i.d.DiagnosticsManager]   - Total: 2021-09-18T21:21:12+0000 - 0.00 B
2021-09-18 21:23:43.131+0000 INFO [o.n.i.d.DiagnosticsManager]   neostore: 2021-09-18T21:15:16+0000 - 8.00 kB
2021-09-18 21:23:43.131+0000 INFO [o.n.i.d.DiagnosticsManager]   neostore.counts.db.a: 2021-09-18T21:15:17+0000 - 96.00 B
2021-09-18 21:23:43.131+0000 INFO [o.n.i.d.DiagnosticsManager]   neostore.id: 2021-09-18T21:23:42+0000 - 9.00 B
2021-09-18 21:23:43.131+0000 INFO [o.n.i.d.DiagnosticsManager]   neostore.labelscanstore.db: 2021-09-18T21:21:01+0000 - 40.00 kB
2021-09-18 21:23:43.131+0000 INFO [o.n.i.d.DiagnosticsManager]   neostore.labeltokenstore.db: 2021-09-18T21:15:16+0000 - 0.00 B
2021-09-18 21:23:43.131+0000 INFO [o.n.i.d.DiagnosticsManager]   neostore.labeltokenstore.db.id: 2021-09-18T21:23:42+0000 - 9.00 B
2021-09-18 21:23:43.131+0000 INFO [o.n.i.d.DiagnosticsManager]   neostore.labeltokenstore.db.names: 2021-09-18T21:15:16+0000 - 8.00 kB
2021-09-18 21:23:43.131+0000 INFO [o.n.i.d.DiagnosticsManager]   neostore.labeltokenstore.db.names.id: 2021-09-18T21:23:42+0000 - 9.00 B
2021-09-18 21:23:43.131+0000 INFO [o.n.i.d.DiagnosticsManager]   neostore.nodestore.db: 2021-09-18T21:15:16+0000 - 0.00 B
2021-09-18 21:23:43.132+0000 INFO [o.n.i.d.DiagnosticsManager]   neostore.nodestore.db.id: 2021-09-18T21:23:42+0000 - 9.00 B
2021-09-18 21:23:43.132+0000 INFO [o.n.i.d.DiagnosticsManager]   neostore.nodestore.db.labels: 2021-09-18T21:15:16+0000 - 8.00 kB
2021-09-18 21:23:43.132+0000 INFO [o.n.i.d.DiagnosticsManager]   neostore.nodestore.db.labels.id: 2021-09-18T21:23:42+0000 - 9.00 B
2021-09-18 21:23:43.132+0000 INFO [o.n.i.d.DiagnosticsManager]   neostore.propertystore.db: 2021-09-18T21:15:16+0000 - 0.00 B
2021-09-18 21:23:43.132+0000 INFO [o.n.i.d.DiagnosticsManager]   neostore.propertystore.db.arrays: 2021-09-18T21:15:16+0000 - 8.00 kB
2021-09-18 21:23:43.132+0000 INFO [o.n.i.d.DiagnosticsManager]   neostore.propertystore.db.arrays.id: 2021-09-18T21:23:42+0000 - 9.00 B
2021-09-18 21:23:43.132+0000 INFO [o.n.i.d.DiagnosticsManager]   neostore.propertystore.db.id: 2021-09-18T21:23:42+0000 - 9.00 B
2021-09-18 21:23:43.132+0000 INFO [o.n.i.d.DiagnosticsManager]   neostore.propertystore.db.index: 2021-09-18T21:15:16+0000 - 0.00 B
2021-09-18 21:23:43.133+0000 INFO [o.n.i.d.DiagnosticsManager]   neostore.propertystore.db.index.id: 2021-09-18T21:23:42+0000 - 9.00 B
2021-09-18 21:23:43.133+0000 INFO [o.n.i.d.DiagnosticsManager]   neostore.propertystore.db.index.keys: 2021-09-18T21:15:16+0000 - 8.00 kB
2021-09-18 21:23:43.133+0000 INFO [o.n.i.d.DiagnosticsManager]   neostore.propertystore.db.index.keys.id: 2021-09-18T21:23:42+0000 - 9.00 B
2021-09-18 21:23:43.133+0000 INFO [o.n.i.d.DiagnosticsManager]   neostore.propertystore.db.strings: 2021-09-18T21:15:16+0000 - 8.00 kB
2021-09-18 21:23:43.133+0000 INFO [o.n.i.d.DiagnosticsManager]   neostore.propertystore.db.strings.id: 2021-09-18T21:23:42+0000 - 9.00 B
2021-09-18 21:23:43.133+0000 INFO [o.n.i.d.DiagnosticsManager]   neostore.relationshipgroupstore.db: 2021-09-18T21:15:16+0000 - 8.00 kB
2021-09-18 21:23:43.133+0000 INFO [o.n.i.d.DiagnosticsManager]   neostore.relationshipgroupstore.db.id: 2021-09-18T21:23:42+0000 - 9.00 B
2021-09-18 21:23:43.133+0000 INFO [o.n.i.d.DiagnosticsManager]   neostore.relationshipstore.db: 2021-09-18T21:15:16+0000 - 0.00 B
2021-09-18 21:23:43.133+0000 INFO [o.n.i.d.DiagnosticsManager]   neostore.relationshipstore.db.id: 2021-09-18T21:23:42+0000 - 9.00 B
2021-09-18 21:23:43.134+0000 INFO [o.n.i.d.DiagnosticsManager]   neostore.relationshiptypestore.db: 2021-09-18T21:15:16+0000 - 0.00 B
2021-09-18 21:23:43.134+0000 INFO [o.n.i.d.DiagnosticsManager]   neostore.relationshiptypestore.db.id: 2021-09-18T21:23:42+0000 - 9.00 B
2021-09-18 21:23:43.134+0000 INFO [o.n.i.d.DiagnosticsManager]   neostore.relationshiptypestore.db.names: 2021-09-18T21:15:16+0000 - 8.00 kB
2021-09-18 21:23:43.134+0000 INFO [o.n.i.d.DiagnosticsManager]   neostore.relationshiptypestore.db.names.id: 2021-09-18T21:23:42+0000 - 9.00 B
2021-09-18 21:23:43.134+0000 INFO [o.n.i.d.DiagnosticsManager]   neostore.schemastore.db: 2021-09-18T21:15:16+0000 - 8.00 kB
2021-09-18 21:23:43.134+0000 INFO [o.n.i.d.DiagnosticsManager]   neostore.schemastore.db.id: 2021-09-18T21:23:42+0000 - 9.00 B
2021-09-18 21:23:43.134+0000 INFO [o.n.i.d.DiagnosticsManager]   neostore.transaction.db.0: 2021-09-18T21:21:01+0000 - 34.00 B
2021-09-18 21:23:43.134+0000 INFO [o.n.i.d.DiagnosticsManager] Storage summary: 
2021-09-18 21:23:43.134+0000 INFO [o.n.i.d.DiagnosticsManager]   Total size of store: 112.26 kB
2021-09-18 21:23:43.135+0000 INFO [o.n.i.d.DiagnosticsManager]   Total size of mapped files: 112.00 kB
2021-09-18 21:23:43.135+0000 INFO [o.n.i.d.DiagnosticsManager] --- STARTED diagnostics for KernelDiagnostics:StoreFiles END ---
2021-09-18 21:23:43.135+0000 INFO [o.n.k.a.DatabaseAvailabilityGuard] Fulfilling of requirement 'Database available' makes database graph.db available.
2021-09-18 21:23:43.135+0000 INFO [o.n.k.a.DatabaseAvailabilityGuard] Database graph.db is ready.
2021-09-18 21:23:43.135+0000 INFO [o.n.k.i.DatabaseHealth] Database health set to OK
2021-09-18 21:23:43.468+0000 INFO [o.n.b.BoltServer] Bolt server loaded
2021-09-18 21:23:43.603+0000 INFO [o.n.b.BoltServer] Bolt enabled on 0.0.0.0:7687.
2021-09-18 21:23:44.822+0000 INFO [o.n.i.d.DiagnosticsManager] --- SERVER STARTED START ---
2021-09-18 21:23:45.642+0000 INFO [o.n.i.d.DiagnosticsManager] --- SERVER STARTED END ---
2021-09-24 21:08:47.901+0000 WARN [o.n.k.i.c.VmPauseMonitorComponent] Detected VM stop-the-world pause: {pauseTime=5161, gcTime=0, gcCount=0}
2021-09-24 21:08:48.003+0000 WARN [o.n.k.i.c.VmPauseMonitorComponent] Detected VM stop-the-world pause: {pauseTime=226, gcTime=0, gcCount=0}
2021-09-26 07:31:40.581+0000 WARN [o.n.k.i.c.VmPauseMonitorComponent] Detected VM stop-the-world pause: {pauseTime=254, gcTime=0, gcCount=0}
